<?xml version="1.0" encoding="UTF-8"?>
<!-- Generated by org.testng.reporters.JUnitReportReporter -->
<testsuite hostname="DESKTOP-C9RV58D" failures="5" tests="407" name="com.sdetadda.allure.RestAssuredTestCases" time="30.074" errors="0" timestamp="2024-05-18T10:38:17 AEST" skipped="0">
  <testcase classname="com.sdetadda.allure.RestAssuredTestCases" name="test_HeadingWithParagraphAndAnchorAndIdNullUrlAndParagraph" time="0.031"/>
  <testcase classname="com.sdetadda.allure.RestAssuredTestCases" name="test_HeadingWithParagraphAndAnchorAndIdLongTextAndParagraph" time="0.033"/>
  <testcase classname="com.sdetadda.allure.RestAssuredTestCases" name="test_02" time="0.573"/>
  <testcase classname="com.sdetadda.allure.RestAssuredTestCases" name="test_163" time="0.041"/>
  <testcase classname="com.sdetadda.allure.RestAssuredTestCases" name="testGetHeadingWithAnchorAndIdLongText" time="0.061"/>
  <testcase classname="com.sdetadda.allure.RestAssuredTestCases" name="testGetHeadingWithAnchorNullAnchorText" time="0.049"/>
  <testcase classname="com.sdetadda.allure.RestAssuredTestCases" name="test_170" time="0.058"/>
  <testcase classname="com.sdetadda.allure.RestAssuredTestCases" name="testGetHeadingWithParagraphWithNullParagraphParameters" time="0.052"/>
  <testcase classname="com.sdetadda.allure.RestAssuredTestCases" name="test_100" time="0.085"/>
  <testcase classname="com.sdetadda.allure.RestAssuredTestCases" name="test_HeadingWithParagraphAndAnchorAndIdEmptyHeadingAndTextAndUrlAndParagraph" time="0.034"/>
  <testcase classname="com.sdetadda.allure.RestAssuredTestCases" name="test_60" time="0.044"/>
  <testcase classname="com.sdetadda.allure.RestAssuredTestCases" name="test_50" time="0.034"/>
  <testcase classname="com.sdetadda.allure.RestAssuredTestCases" name="test_HeadingWithParagraphAndAnchorAndIdNullHeadingAndUrl" time="0.028"/>
  <testcase classname="com.sdetadda.allure.RestAssuredTestCases" name="testGetHeadingWithParagraphWithMissingParameters" time="0.041"/>
  <testcase classname="com.sdetadda.allure.RestAssuredTestCases" name="test_185" time="0.041"/>
  <testcase classname="com.sdetadda.allure.RestAssuredTestCases" name="test_72" time="0.035"/>
  <testcase classname="com.sdetadda.allure.RestAssuredTestCases" name="testGetHeadingWithAnchorAndIdEmptyHeadingAndTextAndZeroId" time="0.054"/>
  <testcase classname="com.sdetadda.allure.RestAssuredTestCases" name="test_166" time="0.039"/>
  <testcase classname="com.sdetadda.allure.RestAssuredTestCases" name="testGetHeadingWithParagraphWithNullHeadingEmptyParagraphParameters" time="0.041"/>
  <testcase classname="com.sdetadda.allure.RestAssuredTestCases" name="testGetHeadingWithAnchorAndIdNullHeadingAndText" time="0.040"/>
  <testcase classname="com.sdetadda.allure.RestAssuredTestCases" name="test_184" time="0.051"/>
  <testcase classname="com.sdetadda.allure.RestAssuredTestCases" name="test_28" time="0.118"/>
  <testcase classname="com.sdetadda.allure.RestAssuredTestCases" name="test_124" time="0.041"/>
  <testcase classname="com.sdetadda.allure.RestAssuredTestCases" name="testGetHeadingWithAnchorSpecialCharactersAnchorText" time="0.042"/>
  <testcase classname="com.sdetadda.allure.RestAssuredTestCases" name="test_HeadingWithParagraphAndAnchorAndIdLongHeadingAndTextAndZeroId" time="0.031"/>
  <testcase classname="com.sdetadda.allure.RestAssuredTestCases" name="test_HeadingWithParagraphAndAnchorAndIdLongParagraphZeroId" time="0.042"/>
  <testcase classname="com.sdetadda.allure.RestAssuredTestCases" name="test_139" time="0.039"/>
  <testcase classname="com.sdetadda.allure.RestAssuredTestCases" name="test_56" time="0.039"/>
  <testcase classname="com.sdetadda.allure.RestAssuredTestCases" name="test_165" time="0.042"/>
  <testcase classname="com.sdetadda.allure.RestAssuredTestCases" name="test_194" time="0.065"/>
  <testcase classname="com.sdetadda.allure.RestAssuredTestCases" name="test_153" time="0.040"/>
  <testcase classname="com.sdetadda.allure.RestAssuredTestCases" name="testGetHeadingWithParagraphAndIdNullId" time="0.111">
    <failure message="1 expectation failed.
JSON path content doesn&#039;t match.
Expected: &lt;html&gt;&lt;head&gt;&lt;title&gt;Heading with Paragraph and Id&lt;/title&gt;&lt;/head&gt;&lt;body&gt;&lt;h1&gt;Riley Boehm&lt;/h1&gt;&lt;p&gt;&lt;/p&gt;&lt;p&gt;Id: &lt;/p&gt;&lt;/body&gt;&lt;/html&gt;
  Actual: null
" type="java.lang.AssertionError">
      <![CDATA[java.lang.AssertionError: 1 expectation failed.
JSON path content doesn't match.
Expected: <html><head><title>Heading with Paragraph and Id</title></head><body><h1>Riley Boehm</h1><p></p><p>Id: </p></body></html>
  Actual: null

at java.base/jdk.internal.reflect.NativeConstructorAccessorImpl.newInstance0(Native Method)
at java.base/jdk.internal.reflect.NativeConstructorAccessorImpl.newInstance(NativeConstructorAccessorImpl.java:77)
at java.base/jdk.internal.reflect.DelegatingConstructorAccessorImpl.newInstance(DelegatingConstructorAccessorImpl.java:45)
at java.base/java.lang.reflect.Constructor.newInstanceWithCaller(Constructor.java:499)
at java.base/java.lang.reflect.Constructor.newInstance(Constructor.java:480)
at org.codehaus.groovy.reflection.CachedConstructor.invoke(CachedConstructor.java:73)
at org.codehaus.groovy.runtime.callsite.ConstructorSite$ConstructorSiteNoUnwrapNoCoerce.callConstructor(ConstructorSite.java:108)
at org.codehaus.groovy.runtime.callsite.CallSiteArray.defaultCallConstructor(CallSiteArray.java:57)
at org.codehaus.groovy.runtime.callsite.AbstractCallSite.callConstructor(AbstractCallSite.java:263)
at org.codehaus.groovy.runtime.callsite.AbstractCallSite.callConstructor(AbstractCallSite.java:277)
at io.restassured.internal.ResponseSpecificationImpl$HamcrestAssertionClosure.validate(ResponseSpecificationImpl.groovy:512)
at io.restassured.internal.ResponseSpecificationImpl$HamcrestAssertionClosure$validate$1.call(Unknown Source)
at io.restassured.internal.ResponseSpecificationImpl.validateResponseIfRequired(ResponseSpecificationImpl.groovy:696)
at io.restassured.internal.ResponseSpecificationImpl.this$2$validateResponseIfRequired(ResponseSpecificationImpl.groovy)
at jdk.internal.reflect.GeneratedMethodAccessor118.invoke(Unknown Source)
at java.base/jdk.internal.reflect.DelegatingMethodAccessorImpl.invoke(DelegatingMethodAccessorImpl.java:43)
at java.base/java.lang.reflect.Method.invoke(Method.java:568)
at org.codehaus.groovy.runtime.callsite.PlainObjectMetaMethodSite.doInvoke(PlainObjectMetaMethodSite.java:43)
at org.codehaus.groovy.runtime.callsite.PogoMetaMethodSite$PogoCachedMethodSiteNoUnwrapNoCoerce.invoke(PogoMetaMethodSite.java:198)
at org.codehaus.groovy.runtime.callsite.PogoMetaMethodSite.callCurrent(PogoMetaMethodSite.java:62)
at org.codehaus.groovy.runtime.callsite.AbstractCallSite.callCurrent(AbstractCallSite.java:185)
at io.restassured.internal.ResponseSpecificationImpl.body(ResponseSpecificationImpl.groovy:270)
at io.restassured.specification.ResponseSpecification$body$0.callCurrent(Unknown Source)
at io.restassured.internal.ResponseSpecificationImpl.body(ResponseSpecificationImpl.groovy:117)
at io.restassured.internal.ValidatableResponseOptionsImpl.body(ValidatableResponseOptionsImpl.java:244)
at com.sdetadda.allure.RestAssuredTestCases.testGetHeadingWithParagraphAndIdNullId(RestAssuredTestCases.java:1873)
at java.base/jdk.internal.reflect.NativeMethodAccessorImpl.invoke0(Native Method)
at java.base/jdk.internal.reflect.NativeMethodAccessorImpl.invoke(NativeMethodAccessorImpl.java:77)
at java.base/jdk.internal.reflect.DelegatingMethodAccessorImpl.invoke(DelegatingMethodAccessorImpl.java:43)
at java.base/java.lang.reflect.Method.invoke(Method.java:568)
at org.testng.internal.invokers.MethodInvocationHelper.invokeMethod(MethodInvocationHelper.java:139)
at org.testng.internal.invokers.TestInvoker.invokeMethod(TestInvoker.java:664)
at org.testng.internal.invokers.TestInvoker.invokeTestMethod(TestInvoker.java:228)
at org.testng.internal.invokers.MethodRunner.runInSequence(MethodRunner.java:63)
at org.testng.internal.invokers.TestInvoker$MethodInvocationAgent.invoke(TestInvoker.java:961)
at org.testng.internal.invokers.TestInvoker.invokeTestMethods(TestInvoker.java:201)
at org.testng.internal.invokers.TestMethodWorker.invokeTestMethods(TestMethodWorker.java:148)
at org.testng.internal.invokers.TestMethodWorker.run(TestMethodWorker.java:128)
at java.base/java.util.ArrayList.forEach(ArrayList.java:1511)
at org.testng.TestRunner.privateRun(TestRunner.java:819)
at org.testng.TestRunner.run(TestRunner.java:619)
at org.testng.SuiteRunner.runTest(SuiteRunner.java:443)
at org.testng.SuiteRunner.runSequentially(SuiteRunner.java:437)
at org.testng.SuiteRunner.privateRun(SuiteRunner.java:397)
at org.testng.SuiteRunner.run(SuiteRunner.java:336)
at org.testng.SuiteRunnerWorker.runSuite(SuiteRunnerWorker.java:52)
at org.testng.SuiteRunnerWorker.run(SuiteRunnerWorker.java:95)
at org.testng.TestNG.runSuitesSequentially(TestNG.java:1301)
at org.testng.TestNG.runSuitesLocally(TestNG.java:1228)
at org.testng.TestNG.runSuites(TestNG.java:1134)
at org.testng.TestNG.run(TestNG.java:1101)
at org.testng.remote.AbstractRemoteTestNG.run(AbstractRemoteTestNG.java:115)
at org.testng.remote.RemoteTestNG.initAndRun(RemoteTestNG.java:293)
at org.testng.remote.RemoteTestNG.main(RemoteTestNG.java:91)
]]>
    </failure>
  </testcase> <!-- testGetHeadingWithParagraphAndIdNullId -->
  <testcase classname="com.sdetadda.allure.RestAssuredTestCases" name="test_HeadingWithParagraphAndAnchorAndIdEmptyHeadingAndTextAndParagraph" time="0.125"/>
  <testcase classname="com.sdetadda.allure.RestAssuredTestCases" name="test_HeadingWithParagraphAndAnchorAndIdNullHeadingAndTextAndUrlAndId" time="0.081"/>
  <testcase classname="com.sdetadda.allure.RestAssuredTestCases" name="test_13" time="0.044"/>
  <testcase classname="com.sdetadda.allure.RestAssuredTestCases" name="testGetHeadingWithAnchorAndIdEmptyText" time="0.767"/>
  <testcase classname="com.sdetadda.allure.RestAssuredTestCases" name="testGetHeadingWithParagraphWithInvalidParagraphParameters" time="0.053"/>
  <testcase classname="com.sdetadda.allure.RestAssuredTestCases" name="test_51" time="0.037"/>
  <testcase classname="com.sdetadda.allure.RestAssuredTestCases" name="testGetHeadingWithParagraphAndIdEmptyParagraph" time="0.064"/>
  <testcase classname="com.sdetadda.allure.RestAssuredTestCases" name="test_167" time="0.030"/>
  <testcase classname="com.sdetadda.allure.RestAssuredTestCases" name="test_39" time="0.037"/>
  <testcase classname="com.sdetadda.allure.RestAssuredTestCases" name="test_55" time="0.038"/>
  <testcase classname="com.sdetadda.allure.RestAssuredTestCases" name="test_70" time="0.037"/>
  <testcase classname="com.sdetadda.allure.RestAssuredTestCases" name="test_86" time="0.044">
    <failure message="1 expectation failed.
JSON path content doesn&#039;t match.
Expected: &lt;video controls&gt;&lt;source src=\&quot;Cabbages and Kings.mp4\&quot; type=\&quot;video/mp4\&quot;&gt;&lt;source src=\&quot;Edna O&#039;Brien.ogg\&quot; type=\&quot;video/ogg\&quot;&gt;&lt;/video&gt;
  Actual: &lt;video controls&gt;&lt;source src=\&quot;Cabbages and Kings.mp4\&quot; type=\&quot;video/mp4\&quot;&gt;&lt;source src=\&quot;Edna O&amp;#x27;Brien.ogg\&quot; type=\&quot;video/ogg\&quot;&gt;&lt;/video&gt;
" type="java.lang.AssertionError">
      <![CDATA[java.lang.AssertionError: 1 expectation failed.
JSON path content doesn't match.
Expected: <video controls><source src=\"Cabbages and Kings.mp4\" type=\"video/mp4\"><source src=\"Edna O'Brien.ogg\" type=\"video/ogg\"></video>
  Actual: <video controls><source src=\"Cabbages and Kings.mp4\" type=\"video/mp4\"><source src=\"Edna O&#x27;Brien.ogg\" type=\"video/ogg\"></video>

at java.base/jdk.internal.reflect.NativeConstructorAccessorImpl.newInstance0(Native Method)
at java.base/jdk.internal.reflect.NativeConstructorAccessorImpl.newInstance(NativeConstructorAccessorImpl.java:77)
at java.base/jdk.internal.reflect.DelegatingConstructorAccessorImpl.newInstance(DelegatingConstructorAccessorImpl.java:45)
at java.base/java.lang.reflect.Constructor.newInstanceWithCaller(Constructor.java:499)
at java.base/java.lang.reflect.Constructor.newInstance(Constructor.java:480)
at org.codehaus.groovy.reflection.CachedConstructor.invoke(CachedConstructor.java:73)
at org.codehaus.groovy.runtime.callsite.ConstructorSite$ConstructorSiteNoUnwrapNoCoerce.callConstructor(ConstructorSite.java:108)
at org.codehaus.groovy.runtime.callsite.AbstractCallSite.callConstructor(AbstractCallSite.java:277)
at io.restassured.internal.ResponseSpecificationImpl$HamcrestAssertionClosure.validate(ResponseSpecificationImpl.groovy:512)
at io.restassured.internal.ResponseSpecificationImpl$HamcrestAssertionClosure$validate$1.call(Unknown Source)
at io.restassured.internal.ResponseSpecificationImpl.validateResponseIfRequired(ResponseSpecificationImpl.groovy:696)
at io.restassured.internal.ResponseSpecificationImpl.this$2$validateResponseIfRequired(ResponseSpecificationImpl.groovy)
at jdk.internal.reflect.GeneratedMethodAccessor118.invoke(Unknown Source)
at java.base/jdk.internal.reflect.DelegatingMethodAccessorImpl.invoke(DelegatingMethodAccessorImpl.java:43)
at java.base/java.lang.reflect.Method.invoke(Method.java:568)
at org.codehaus.groovy.runtime.callsite.PlainObjectMetaMethodSite.doInvoke(PlainObjectMetaMethodSite.java:43)
at org.codehaus.groovy.runtime.callsite.PogoMetaMethodSite$PogoCachedMethodSiteNoUnwrapNoCoerce.invoke(PogoMetaMethodSite.java:198)
at org.codehaus.groovy.runtime.callsite.PogoMetaMethodSite.callCurrent(PogoMetaMethodSite.java:62)
at org.codehaus.groovy.runtime.callsite.AbstractCallSite.callCurrent(AbstractCallSite.java:185)
at io.restassured.internal.ResponseSpecificationImpl.body(ResponseSpecificationImpl.groovy:270)
at io.restassured.specification.ResponseSpecification$body$0.callCurrent(Unknown Source)
at io.restassured.internal.ResponseSpecificationImpl.body(ResponseSpecificationImpl.groovy:117)
at io.restassured.internal.ValidatableResponseOptionsImpl.body(ValidatableResponseOptionsImpl.java:244)
at com.sdetadda.allure.RestAssuredTestCases.test_86(RestAssuredTestCases.java:792)
at java.base/jdk.internal.reflect.NativeMethodAccessorImpl.invoke0(Native Method)
at java.base/jdk.internal.reflect.NativeMethodAccessorImpl.invoke(NativeMethodAccessorImpl.java:77)
at java.base/jdk.internal.reflect.DelegatingMethodAccessorImpl.invoke(DelegatingMethodAccessorImpl.java:43)
at java.base/java.lang.reflect.Method.invoke(Method.java:568)
at org.testng.internal.invokers.MethodInvocationHelper.invokeMethod(MethodInvocationHelper.java:139)
at org.testng.internal.invokers.TestInvoker.invokeMethod(TestInvoker.java:664)
at org.testng.internal.invokers.TestInvoker.invokeTestMethod(TestInvoker.java:228)
at org.testng.internal.invokers.MethodRunner.runInSequence(MethodRunner.java:63)
at org.testng.internal.invokers.TestInvoker$MethodInvocationAgent.invoke(TestInvoker.java:961)
at org.testng.internal.invokers.TestInvoker.invokeTestMethods(TestInvoker.java:201)
at org.testng.internal.invokers.TestMethodWorker.invokeTestMethods(TestMethodWorker.java:148)
at org.testng.internal.invokers.TestMethodWorker.run(TestMethodWorker.java:128)
at java.base/java.util.ArrayList.forEach(ArrayList.java:1511)
at org.testng.TestRunner.privateRun(TestRunner.java:819)
at org.testng.TestRunner.run(TestRunner.java:619)
at org.testng.SuiteRunner.runTest(SuiteRunner.java:443)
at org.testng.SuiteRunner.runSequentially(SuiteRunner.java:437)
at org.testng.SuiteRunner.privateRun(SuiteRunner.java:397)
at org.testng.SuiteRunner.run(SuiteRunner.java:336)
at org.testng.SuiteRunnerWorker.runSuite(SuiteRunnerWorker.java:52)
at org.testng.SuiteRunnerWorker.run(SuiteRunnerWorker.java:95)
at org.testng.TestNG.runSuitesSequentially(TestNG.java:1301)
at org.testng.TestNG.runSuitesLocally(TestNG.java:1228)
at org.testng.TestNG.runSuites(TestNG.java:1134)
at org.testng.TestNG.run(TestNG.java:1101)
at org.testng.remote.AbstractRemoteTestNG.run(AbstractRemoteTestNG.java:115)
at org.testng.remote.RemoteTestNG.initAndRun(RemoteTestNG.java:293)
at org.testng.remote.RemoteTestNG.main(RemoteTestNG.java:91)
]]>
    </failure>
  </testcase> <!-- test_86 -->
  <testcase classname="com.sdetadda.allure.RestAssuredTestCases" name="testGetHeadingWithAnchorLongHeadingAndAnchorTextAndAnchorUrl" time="0.143"/>
  <testcase classname="com.sdetadda.allure.RestAssuredTestCases" name="test_HeadingWithParagraphAndAnchorAndIdNullHeadingAndTextAndId" time="0.033"/>
  <testcase classname="com.sdetadda.allure.RestAssuredTestCases" name="testGetHeadingWithAnchorNullHeadingAndAnchorText" time="0.095"/>
  <testcase classname="com.sdetadda.allure.RestAssuredTestCases" name="test_99" time="0.040"/>
  <testcase classname="com.sdetadda.allure.RestAssuredTestCases" name="testGetHeadingWithAnchorAndIdLongHeadingAndUrl" time="0.077"/>
  <testcase classname="com.sdetadda.allure.RestAssuredTestCases" name="test_45" time="0.090"/>
  <testcase classname="com.sdetadda.allure.RestAssuredTestCases" name="test_HeadingWithParagraphAndAnchorAndIdNullHeadingAndTextAndParagraphAndId" time="0.036"/>
  <testcase classname="com.sdetadda.allure.RestAssuredTestCases" name="testGetHeadingWithAnchorAndIdSpecialCharactersHeadingAndTextAndZeroId" time="0.052"/>
  <testcase classname="com.sdetadda.allure.RestAssuredTestCases" name="test_118" time="0.044"/>
  <testcase classname="com.sdetadda.allure.RestAssuredTestCases" name="testGetHeadingWithAnchorNullAnchorUrl" time="0.049"/>
  <testcase classname="com.sdetadda.allure.RestAssuredTestCases" name="testGetHeadingWithAnchorSpecialCharactersAnchorUrl" time="0.115"/>
  <testcase classname="com.sdetadda.allure.RestAssuredTestCases" name="testGetHeadingWithAnchorAndIdEmptyUrl" time="0.095"/>
  <testcase classname="com.sdetadda.allure.RestAssuredTestCases" name="test_141" time="0.036"/>
  <testcase classname="com.sdetadda.allure.RestAssuredTestCases" name="test_38" time="0.039"/>
  <testcase classname="com.sdetadda.allure.RestAssuredTestCases" name="test_157" time="0.036"/>
  <testcase classname="com.sdetadda.allure.RestAssuredTestCases" name="testGetHeadingWithParagraphWithInvalidHeadingParameters" time="0.043"/>
  <testcase classname="com.sdetadda.allure.RestAssuredTestCases" name="test_147" time="0.046"/>
  <testcase classname="com.sdetadda.allure.RestAssuredTestCases" name="testGetHeadingWithAnchorAndIdNullHeadingAndTextAndUrl" time="0.046"/>
  <testcase classname="com.sdetadda.allure.RestAssuredTestCases" name="test_HeadingWithParagraphAndAnchorAndIdLongHeadingAndParagraphAndZeroId" time="0.038"/>
  <testcase classname="com.sdetadda.allure.RestAssuredTestCases" name="test_03" time="0.101"/>
  <testcase classname="com.sdetadda.allure.RestAssuredTestCases" name="testGetHeadingWithAnchorAndIdSpecialCharactersHeadingAndUrlZeroId" time="0.064"/>
  <testcase classname="com.sdetadda.allure.RestAssuredTestCases" name="test_HeadingWithParagraphAndAnchorAndIdLongHeadingAndTextAndUrlAndParagraph" time="0.036"/>
  <testcase classname="com.sdetadda.allure.RestAssuredTestCases" name="test_20" time="0.037"/>
  <testcase classname="com.sdetadda.allure.RestAssuredTestCases" name="test_44" time="0.070"/>
  <testcase classname="com.sdetadda.allure.RestAssuredTestCases" name="test_07" time="0.065"/>
  <testcase classname="com.sdetadda.allure.RestAssuredTestCases" name="test_HeadingWithParagraphAndAnchorAndIdLongTextAndUrlAndParagraphAndZeroId" time="0.029"/>
  <testcase classname="com.sdetadda.allure.RestAssuredTestCases" name="testGetHeadingWithParagraphAndIdZeroIdEmptyParagraph" time="0.052"/>
  <testcase classname="com.sdetadda.allure.RestAssuredTestCases" name="test_HeadingWithParagraphAndAnchorAndIdEmptyTextAndParagraph" time="0.043"/>
  <testcase classname="com.sdetadda.allure.RestAssuredTestCases" name="test_HeadingWithParagraphAndAnchorAndIdNullUrlAndId" time="0.037"/>
  <testcase classname="com.sdetadda.allure.RestAssuredTestCases" name="testGetHeadingWithAnchorAndIdSpecialCharactersTextAndZeroId" time="0.046"/>
  <testcase classname="com.sdetadda.allure.RestAssuredTestCases" name="test_HeadingWithParagraphAndAnchorAndIdNullHeading" time="0.040"/>
  <testcase classname="com.sdetadda.allure.RestAssuredTestCases" name="testGetHeadingWithAnchorEmptyAnchorText" time="0.050"/>
  <testcase classname="com.sdetadda.allure.RestAssuredTestCases" name="test_HeadingWithParagraphAndAnchorAndIdNullText" time="0.038"/>
  <testcase classname="com.sdetadda.allure.RestAssuredTestCases" name="test_HeadingWithParagraphAndAnchorAndIdNullTextAndUrlAndParagraph" time="0.041"/>
  <testcase classname="com.sdetadda.allure.RestAssuredTestCases" name="test_116" time="0.049"/>
  <testcase classname="com.sdetadda.allure.RestAssuredTestCases" name="test_158" time="0.032"/>
  <testcase classname="com.sdetadda.allure.RestAssuredTestCases" name="test_198" time="0.054"/>
  <testcase classname="com.sdetadda.allure.RestAssuredTestCases" name="test_199" time="0.039"/>
  <testcase classname="com.sdetadda.allure.RestAssuredTestCases" name="test_109" time="0.096"/>
  <testcase classname="com.sdetadda.allure.RestAssuredTestCases" name="test_36" time="0.054"/>
  <testcase classname="com.sdetadda.allure.RestAssuredTestCases" name="test_27" time="0.031"/>
  <testcase classname="com.sdetadda.allure.RestAssuredTestCases" name="testGetHeadingWithParagraphWithEmptyHeadingNullParagraphParameters" time="0.049"/>
  <testcase classname="com.sdetadda.allure.RestAssuredTestCases" name="test_HeadingWithParagraphAndAnchorAndIdNullTextAndParagraphAndId" time="0.046"/>
  <testcase classname="com.sdetadda.allure.RestAssuredTestCases" name="test_120" time="0.111"/>
  <testcase classname="com.sdetadda.allure.RestAssuredTestCases" name="test_104" time="0.091"/>
  <testcase classname="com.sdetadda.allure.RestAssuredTestCases" name="testGetHeadingWithParagraphWithNullHeadingParameters" time="0.072"/>
  <testcase classname="com.sdetadda.allure.RestAssuredTestCases" name="testGetHeadingWithAnchorAndIdSpecialCharactersHeadingAndZeroId" time="0.052"/>
  <testcase classname="com.sdetadda.allure.RestAssuredTestCases" name="test_HeadingWithParagraphAndAnchorAndIdNullHeadingAndId" time="0.034"/>
  <testcase classname="com.sdetadda.allure.RestAssuredTestCases" name="test_HeadingWithParagraphAndAnchorAndIdEmptyHeadingAndTextAndParagraphAndZeroId" time="0.043"/>
  <testcase classname="com.sdetadda.allure.RestAssuredTestCases" name="test_125" time="0.048"/>
  <testcase classname="com.sdetadda.allure.RestAssuredTestCases" name="test_HeadingWithParagraphAndAnchorAndIdLongHeadingAndUrlAndParagraph" time="0.033"/>
  <testcase classname="com.sdetadda.allure.RestAssuredTestCases" name="test_143" time="0.050"/>
  <testcase classname="com.sdetadda.allure.RestAssuredTestCases" name="test_164" time="0.097"/>
  <testcase classname="com.sdetadda.allure.RestAssuredTestCases" name="testGetHeadingWithAnchorAndIdNullHeadingAndUrlZeroId" time="0.052"/>
  <testcase classname="com.sdetadda.allure.RestAssuredTestCases" name="test_102" time="0.063"/>
  <testcase classname="com.sdetadda.allure.RestAssuredTestCases" name="test_98" time="0.037"/>
  <testcase classname="com.sdetadda.allure.RestAssuredTestCases" name="test_HeadingWithParagraphAndAnchorAndIdEmptyTextAndParagraphAndZeroId" time="0.044"/>
  <testcase classname="com.sdetadda.allure.RestAssuredTestCases" name="test_HeadingWithParagraphAndAnchorAndIdLongTextAndParagraphAndZeroId" time="0.029"/>
  <testcase classname="com.sdetadda.allure.RestAssuredTestCases" name="test_64" time="0.035"/>
  <testcase classname="com.sdetadda.allure.RestAssuredTestCases" name="testGetHeadingWithAnchorAndIdSpecialCharactersUrl" time="0.042"/>
  <testcase classname="com.sdetadda.allure.RestAssuredTestCases" name="test_144" time="0.042"/>
  <testcase classname="com.sdetadda.allure.RestAssuredTestCases" name="test_107" time="0.059"/>
  <testcase classname="com.sdetadda.allure.RestAssuredTestCases" name="test_169" time="0.042"/>
  <testcase classname="com.sdetadda.allure.RestAssuredTestCases" name="test_HeadingWithParagraphAndAnchorAndIdEmptyUrlZeroId" time="0.026"/>
  <testcase classname="com.sdetadda.allure.RestAssuredTestCases" name="test_140" time="0.038"/>
  <testcase classname="com.sdetadda.allure.RestAssuredTestCases" name="test_HeadingWithAnchor" time="0.037"/>
  <testcase classname="com.sdetadda.allure.RestAssuredTestCases" name="test_35" time="0.043"/>
  <testcase classname="com.sdetadda.allure.RestAssuredTestCases" name="test_83" time="0.039"/>
  <testcase classname="com.sdetadda.allure.RestAssuredTestCases" name="test_92" time="0.142"/>
  <testcase classname="com.sdetadda.allure.RestAssuredTestCases" name="test_156" time="0.041"/>
  <testcase classname="com.sdetadda.allure.RestAssuredTestCases" name="test_82" time="0.042"/>
  <testcase classname="com.sdetadda.allure.RestAssuredTestCases" name="test_190" time="0.041"/>
  <testcase classname="com.sdetadda.allure.RestAssuredTestCases" name="test_HeadingWithParagraphAndAnchorAndIdNullTextAndParagraph" time="0.037">
    <failure message="1 expectation failed.
JSON path content doesn&#039;t match.
Expected: &lt;html&gt;&lt;head&gt;&lt;title&gt;Heading with Anchor&lt;/title&gt;&lt;/head&gt;&lt;body&gt;&lt;h1&gt;Eula O&#039;Hara&lt;/h1&gt;&lt;p&gt;&lt;/p&gt;&lt;p&gt;Paragraph with an achor: &lt;a href=\&quot;www.google.com\&quot; id=\&quot;478209179\&quot;&gt;&lt;/a&gt;&lt;/p&gt;&lt;/body&gt;&lt;/html&gt;
  Actual: &lt;html&gt;&lt;head&gt;&lt;title&gt;Heading with Anchor&lt;/title&gt;&lt;/head&gt;&lt;body&gt;&lt;h1&gt;Eula O&amp;#x27;Hara&lt;/h1&gt;&lt;p&gt;&lt;/p&gt;&lt;p&gt;Paragraph with an achor: &lt;a href=\&quot;www.google.com\&quot; id=\&quot;478209179\&quot;&gt;&lt;/a&gt;&lt;/p&gt;&lt;/body&gt;&lt;/html&gt;
" type="java.lang.AssertionError">
      <![CDATA[java.lang.AssertionError: 1 expectation failed.
JSON path content doesn't match.
Expected: <html><head><title>Heading with Anchor</title></head><body><h1>Eula O'Hara</h1><p></p><p>Paragraph with an achor: <a href=\"www.google.com\" id=\"478209179\"></a></p></body></html>
  Actual: <html><head><title>Heading with Anchor</title></head><body><h1>Eula O&#x27;Hara</h1><p></p><p>Paragraph with an achor: <a href=\"www.google.com\" id=\"478209179\"></a></p></body></html>

at java.base/jdk.internal.reflect.NativeConstructorAccessorImpl.newInstance0(Native Method)
at java.base/jdk.internal.reflect.NativeConstructorAccessorImpl.newInstance(NativeConstructorAccessorImpl.java:77)
at java.base/jdk.internal.reflect.DelegatingConstructorAccessorImpl.newInstance(DelegatingConstructorAccessorImpl.java:45)
at java.base/java.lang.reflect.Constructor.newInstanceWithCaller(Constructor.java:499)
at java.base/java.lang.reflect.Constructor.newInstance(Constructor.java:480)
at org.codehaus.groovy.reflection.CachedConstructor.invoke(CachedConstructor.java:73)
at org.codehaus.groovy.runtime.callsite.ConstructorSite$ConstructorSiteNoUnwrapNoCoerce.callConstructor(ConstructorSite.java:108)
at org.codehaus.groovy.runtime.callsite.AbstractCallSite.callConstructor(AbstractCallSite.java:277)
at io.restassured.internal.ResponseSpecificationImpl$HamcrestAssertionClosure.validate(ResponseSpecificationImpl.groovy:512)
at io.restassured.internal.ResponseSpecificationImpl$HamcrestAssertionClosure$validate$1.call(Unknown Source)
at io.restassured.internal.ResponseSpecificationImpl.validateResponseIfRequired(ResponseSpecificationImpl.groovy:696)
at io.restassured.internal.ResponseSpecificationImpl.this$2$validateResponseIfRequired(ResponseSpecificationImpl.groovy)
at jdk.internal.reflect.GeneratedMethodAccessor118.invoke(Unknown Source)
at java.base/jdk.internal.reflect.DelegatingMethodAccessorImpl.invoke(DelegatingMethodAccessorImpl.java:43)
at java.base/java.lang.reflect.Method.invoke(Method.java:568)
at org.codehaus.groovy.runtime.callsite.PlainObjectMetaMethodSite.doInvoke(PlainObjectMetaMethodSite.java:43)
at org.codehaus.groovy.runtime.callsite.PogoMetaMethodSite$PogoCachedMethodSiteNoUnwrapNoCoerce.invoke(PogoMetaMethodSite.java:198)
at org.codehaus.groovy.runtime.callsite.PogoMetaMethodSite.callCurrent(PogoMetaMethodSite.java:62)
at org.codehaus.groovy.runtime.callsite.AbstractCallSite.callCurrent(AbstractCallSite.java:185)
at io.restassured.internal.ResponseSpecificationImpl.body(ResponseSpecificationImpl.groovy:270)
at io.restassured.specification.ResponseSpecification$body$0.callCurrent(Unknown Source)
at io.restassured.internal.ResponseSpecificationImpl.body(ResponseSpecificationImpl.groovy:117)
at io.restassured.internal.ValidatableResponseOptionsImpl.body(ValidatableResponseOptionsImpl.java:244)
at com.sdetadda.allure.RestAssuredTestCases.test_HeadingWithParagraphAndAnchorAndIdNullTextAndParagraph(RestAssuredTestCases.java:4455)
at java.base/jdk.internal.reflect.NativeMethodAccessorImpl.invoke0(Native Method)
at java.base/jdk.internal.reflect.NativeMethodAccessorImpl.invoke(NativeMethodAccessorImpl.java:77)
at java.base/jdk.internal.reflect.DelegatingMethodAccessorImpl.invoke(DelegatingMethodAccessorImpl.java:43)
at java.base/java.lang.reflect.Method.invoke(Method.java:568)
at org.testng.internal.invokers.MethodInvocationHelper.invokeMethod(MethodInvocationHelper.java:139)
at org.testng.internal.invokers.TestInvoker.invokeMethod(TestInvoker.java:664)
at org.testng.internal.invokers.TestInvoker.invokeTestMethod(TestInvoker.java:228)
at org.testng.internal.invokers.MethodRunner.runInSequence(MethodRunner.java:63)
at org.testng.internal.invokers.TestInvoker$MethodInvocationAgent.invoke(TestInvoker.java:961)
at org.testng.internal.invokers.TestInvoker.invokeTestMethods(TestInvoker.java:201)
at org.testng.internal.invokers.TestMethodWorker.invokeTestMethods(TestMethodWorker.java:148)
at org.testng.internal.invokers.TestMethodWorker.run(TestMethodWorker.java:128)
at java.base/java.util.ArrayList.forEach(ArrayList.java:1511)
at org.testng.TestRunner.privateRun(TestRunner.java:819)
at org.testng.TestRunner.run(TestRunner.java:619)
at org.testng.SuiteRunner.runTest(SuiteRunner.java:443)
at org.testng.SuiteRunner.runSequentially(SuiteRunner.java:437)
at org.testng.SuiteRunner.privateRun(SuiteRunner.java:397)
at org.testng.SuiteRunner.run(SuiteRunner.java:336)
at org.testng.SuiteRunnerWorker.runSuite(SuiteRunnerWorker.java:52)
at org.testng.SuiteRunnerWorker.run(SuiteRunnerWorker.java:95)
at org.testng.TestNG.runSuitesSequentially(TestNG.java:1301)
at org.testng.TestNG.runSuitesLocally(TestNG.java:1228)
at org.testng.TestNG.runSuites(TestNG.java:1134)
at org.testng.TestNG.run(TestNG.java:1101)
at org.testng.remote.AbstractRemoteTestNG.run(AbstractRemoteTestNG.java:115)
at org.testng.remote.RemoteTestNG.initAndRun(RemoteTestNG.java:293)
at org.testng.remote.RemoteTestNG.main(RemoteTestNG.java:91)
]]>
    </failure>
  </testcase> <!-- test_HeadingWithParagraphAndAnchorAndIdNullTextAndParagraph -->
  <testcase classname="com.sdetadda.allure.RestAssuredTestCases" name="test_17" time="0.039"/>
  <testcase classname="com.sdetadda.allure.RestAssuredTestCases" name="test_61" time="0.040"/>
  <testcase classname="com.sdetadda.allure.RestAssuredTestCases" name="testGetHeadingWithAnchorEmptyHeadingAndAnchorTextAndAnchorUrl" time="0.049"/>
  <testcase classname="com.sdetadda.allure.RestAssuredTestCases" name="test_119" time="0.040"/>
  <testcase classname="com.sdetadda.allure.RestAssuredTestCases" name="testGetHeadingWithParagraphAndIdEmptyHeadingAndParagraph" time="0.066"/>
  <testcase classname="com.sdetadda.allure.RestAssuredTestCases" name="test_16" time="0.038"/>
  <testcase classname="com.sdetadda.allure.RestAssuredTestCases" name="test_HeadingWithParagraphAndAnchorAndIdLongHeadingAndParagraph" time="0.031"/>
  <testcase classname="com.sdetadda.allure.RestAssuredTestCases" name="test_113" time="0.053"/>
  <testcase classname="com.sdetadda.allure.RestAssuredTestCases" name="test_HeadingWithParagraphAndAnchorAndIdEmptyParagraph" time="0.083"/>
  <testcase classname="com.sdetadda.allure.RestAssuredTestCases" name="test_42" time="0.038"/>
  <testcase classname="com.sdetadda.allure.RestAssuredTestCases" name="test_112" time="0.065"/>
  <testcase classname="com.sdetadda.allure.RestAssuredTestCases" name="test_48" time="0.035"/>
  <testcase classname="com.sdetadda.allure.RestAssuredTestCases" name="test_HeadingWithParagraphAndAnchorAndIdLongParagraph" time="0.029"/>
  <testcase classname="com.sdetadda.allure.RestAssuredTestCases" name="testGetHeadingWithParagraphAndIdSpecialCharactersHeadingParameter" time="0.081"/>
  <testcase classname="com.sdetadda.allure.RestAssuredTestCases" name="test_87" time="0.060"/>
  <testcase classname="com.sdetadda.allure.RestAssuredTestCases" name="test_84" time="0.052"/>
  <testcase classname="com.sdetadda.allure.RestAssuredTestCases" name="test_HeadingWithParagraphAndAnchorAndIdNullHeadingAndTextAndParagraph" time="0.037"/>
  <testcase classname="com.sdetadda.allure.RestAssuredTestCases" name="test_73" time="0.035"/>
  <testcase classname="com.sdetadda.allure.RestAssuredTestCases" name="test_63" time="0.039"/>
  <testcase classname="com.sdetadda.allure.RestAssuredTestCases" name="test_HeadingWithParagraphAndAnchorAndId" time="0.038"/>
  <testcase classname="com.sdetadda.allure.RestAssuredTestCases" name="testGetHeadingWithAnchorAndIdLongHeadingAndZeroId" time="0.067"/>
  <testcase classname="com.sdetadda.allure.RestAssuredTestCases" name="test_146" time="0.044"/>
  <testcase classname="com.sdetadda.allure.RestAssuredTestCases" name="test_200" time="0.033"/>
  <testcase classname="com.sdetadda.allure.RestAssuredTestCases" name="test_HeadingWithParagraphAndAnchorAndIdNullParagraph" time="0.038"/>
  <testcase classname="com.sdetadda.allure.RestAssuredTestCases" name="test_HeadingWithParagraphAndAnchorAndIdNullUrl" time="0.061"/>
  <testcase classname="com.sdetadda.allure.RestAssuredTestCases" name="test_155" time="0.037"/>
  <testcase classname="com.sdetadda.allure.RestAssuredTestCases" name="test_HeadingWithParagraphAndAnchorAndIdEmptyHeadingAndUrlAndParagraph" time="0.043"/>
  <testcase classname="com.sdetadda.allure.RestAssuredTestCases" name="test_151" time="0.037"/>
  <testcase classname="com.sdetadda.allure.RestAssuredTestCases" name="testGetHeadingWithAnchorAndIdSpecialCharactersHeadingAndText" time="0.039"/>
  <testcase classname="com.sdetadda.allure.RestAssuredTestCases" name="testGetHeadingWithAnchorAndIdNullTextAndZeroId" time="0.047"/>
  <testcase classname="com.sdetadda.allure.RestAssuredTestCases" name="test_41" time="0.040"/>
  <testcase classname="com.sdetadda.allure.RestAssuredTestCases" name="test_24" time="0.037"/>
  <testcase classname="com.sdetadda.allure.RestAssuredTestCases" name="test_14" time="0.037"/>
  <testcase classname="com.sdetadda.allure.RestAssuredTestCases" name="testGetHeadingWithAnchorAndIdEmptyHeadingAndText" time="0.178"/>
  <testcase classname="com.sdetadda.allure.RestAssuredTestCases" name="test_HeadingWithParagraphAndAnchorAndIdEmptyHeadingAndText" time="0.037"/>
  <testcase classname="com.sdetadda.allure.RestAssuredTestCases" name="test_59" time="0.039"/>
  <testcase classname="com.sdetadda.allure.RestAssuredTestCases" name="testGetHeadingWithParagraphAndIdSpecialCharactersHeadingAndParagraphParameter" time="0.079"/>
  <testcase classname="com.sdetadda.allure.RestAssuredTestCases" name="test_08" time="0.068"/>
  <testcase classname="com.sdetadda.allure.RestAssuredTestCases" name="testGetHeadingWithAnchorLongAnchorUrl" time="0.073"/>
  <testcase classname="com.sdetadda.allure.RestAssuredTestCases" name="test_74" time="0.030"/>
  <testcase classname="com.sdetadda.allure.RestAssuredTestCases" name="test_173" time="0.042"/>
  <testcase classname="com.sdetadda.allure.RestAssuredTestCases" name="testGetHeadingWithAnchorAndIdLongTextAndUrlAndZeroId" time="0.062"/>
  <testcase classname="com.sdetadda.allure.RestAssuredTestCases" name="test_187" time="0.039"/>
  <testcase classname="com.sdetadda.allure.RestAssuredTestCases" name="test_HeadingWithParagraphAndAnchorAndIdEmptyUrl" time="0.040"/>
  <testcase classname="com.sdetadda.allure.RestAssuredTestCases" name="test_29" time="0.045"/>
  <testcase classname="com.sdetadda.allure.RestAssuredTestCases" name="testGetHeadingWithAnchorAndIdLongUrlAndZeroId" time="0.089"/>
  <testcase classname="com.sdetadda.allure.RestAssuredTestCases" name="test_68" time="0.036"/>
  <testcase classname="com.sdetadda.allure.RestAssuredTestCases" name="testGetHeadingWithAnchorAndIdEmptyUrlAndZeroId" time="0.104"/>
  <testcase classname="com.sdetadda.allure.RestAssuredTestCases" name="testGetHeadingWithAnchorAndIdSpecialCharactersTextAndUrlAndZeroId" time="0.044"/>
  <testcase classname="com.sdetadda.allure.RestAssuredTestCases" name="testGetHeadingWithAnchorAndIdEmptyHeadingAndUrl" time="0.056"/>
  <testcase classname="com.sdetadda.allure.RestAssuredTestCases" name="test_HeadingWithParagraphAndAnchorAndIdNullHeadingAndTextAndUrl" time="0.041"/>
  <testcase classname="com.sdetadda.allure.RestAssuredTestCases" name="test_192" time="0.068"/>
  <testcase classname="com.sdetadda.allure.RestAssuredTestCases" name="testGetHeadingWithAnchorAndIdNullId" time="0.057"/>
  <testcase classname="com.sdetadda.allure.RestAssuredTestCases" name="test_110" time="0.050"/>
  <testcase classname="com.sdetadda.allure.RestAssuredTestCases" name="test_18" time="0.065"/>
  <testcase classname="com.sdetadda.allure.RestAssuredTestCases" name="test_134" time="0.040"/>
  <testcase classname="com.sdetadda.allure.RestAssuredTestCases" name="testGetHeadingWithAnchorAndIdNullHeadingAndUrl" time="0.048"/>
  <testcase classname="com.sdetadda.allure.RestAssuredTestCases" name="testGetHeadingWithAnchorAndIdNullHeadingAndTextAndZeroId" time="0.063"/>
  <testcase classname="com.sdetadda.allure.RestAssuredTestCases" name="testGetHeadingWithParagraphWithLongHeadingParameters" time="0.055"/>
  <testcase classname="com.sdetadda.allure.RestAssuredTestCases" name="test_152" time="0.036"/>
  <testcase classname="com.sdetadda.allure.RestAssuredTestCases" name="test_62" time="0.038"/>
  <testcase classname="com.sdetadda.allure.RestAssuredTestCases" name="testGetHeadingWithParagraphAndIdNullParagraph" time="0.092"/>
  <testcase classname="com.sdetadda.allure.RestAssuredTestCases" name="test_HeadingWithParagraphAndAnchorAndIdEmptyText" time="0.042"/>
  <testcase classname="com.sdetadda.allure.RestAssuredTestCases" name="test_97" time="0.043"/>
  <testcase classname="com.sdetadda.allure.RestAssuredTestCases" name="testGetHeadingWithAnchorAndIdEmptyHeadingAndUrlZeroId" time="0.089"/>
  <testcase classname="com.sdetadda.allure.RestAssuredTestCases" name="test_159" time="0.034"/>
  <testcase classname="com.sdetadda.allure.RestAssuredTestCases" name="test_49" time="0.035"/>
  <testcase classname="com.sdetadda.allure.RestAssuredTestCases" name="test_HeadingWithParagraphAndAnchorAndIdEmptyHeading" time="0.038"/>
  <testcase classname="com.sdetadda.allure.RestAssuredTestCases" name="testGetHeadingWithAnchorAndIdLongHeadingAndTextAndZeroId" time="0.085"/>
  <testcase classname="com.sdetadda.allure.RestAssuredTestCases" name="testGetHeadingWithParagraphAndIdLongHeadingEmptyParagraph" time="0.041"/>
  <testcase classname="com.sdetadda.allure.RestAssuredTestCases" name="testGetHeadingWithAnchorAndIdEmptyHeadingAndZeroId" time="0.152"/>
  <testcase classname="com.sdetadda.allure.RestAssuredTestCases" name="testGetHeadingWithAnchorAndIdEmptyTextAndUrl" time="0.101"/>
  <testcase classname="com.sdetadda.allure.RestAssuredTestCases" name="test_06" time="0.063"/>
  <testcase classname="com.sdetadda.allure.RestAssuredTestCases" name="test_19" time="0.046"/>
  <testcase classname="com.sdetadda.allure.RestAssuredTestCases" name="test_172" time="0.043"/>
  <testcase classname="com.sdetadda.allure.RestAssuredTestCases" name="test_108" time="0.052"/>
  <testcase classname="com.sdetadda.allure.RestAssuredTestCases" name="test_132" time="0.036"/>
  <testcase classname="com.sdetadda.allure.RestAssuredTestCases" name="test_HeadingWithParagraphAndAnchorAndIdEmptyTextAndUrlAndZeroId" time="0.033"/>
  <testcase classname="com.sdetadda.allure.RestAssuredTestCases" name="test_75" time="0.054"/>
  <testcase classname="com.sdetadda.allure.RestAssuredTestCases" name="test_186" time="0.041"/>
  <testcase classname="com.sdetadda.allure.RestAssuredTestCases" name="test_111" time="0.052"/>
  <testcase classname="com.sdetadda.allure.RestAssuredTestCases" name="test_195" time="0.043"/>
  <testcase classname="com.sdetadda.allure.RestAssuredTestCases" name="test_HeadingWithParagraphAndAnchorAndIdLongHeadingAndTextAndUrl" time="0.038"/>
  <testcase classname="com.sdetadda.allure.RestAssuredTestCases" name="test_HeadingWithParagraphAndAnchorAndIdEmptyHeadingAndTextAndUrlAndParagraphAndZeroId" time="0.041"/>
  <testcase classname="com.sdetadda.allure.RestAssuredTestCases" name="testGetHeadingWithAnchorSpecialCharactersHeading" time="0.051"/>
  <testcase classname="com.sdetadda.allure.RestAssuredTestCases" name="test_67" time="0.043"/>
  <testcase classname="com.sdetadda.allure.RestAssuredTestCases" name="testGetHeadingWithParagraphWithInvalidHeadingAndParagraphParameters" time="0.030"/>
  <testcase classname="com.sdetadda.allure.RestAssuredTestCases" name="test_81" time="0.043"/>
  <testcase classname="com.sdetadda.allure.RestAssuredTestCases" name="test_182" time="0.040"/>
  <testcase classname="com.sdetadda.allure.RestAssuredTestCases" name="test_66" time="0.067">
    <failure message="1 expectation failed.
JSON path content doesn&#039;t match.
Expected: &lt;article&gt;&lt;h2&gt;Edna O&#039;Brien&lt;/h2&gt;&lt;p&gt;Neque et et expedita sed nihil. Dolor ea et quaerat officia suscipit a. Et nihil hic sed eos ut reprehenderit. Eos eum sunt assumenda eum dolor.&lt;/p&gt;&lt;address&gt;&lt;p&gt;Written by Sherwood Mills&lt;/p&gt;&lt;p&gt;https://www.angelo-kulas.org/amet&lt;/p&gt;&lt;/address&gt;&lt;/article&gt;
  Actual: &lt;article&gt;&lt;h2&gt;Edna O&amp;#x27;Brien&lt;/h2&gt;&lt;p&gt;Neque et et expedita sed nihil. Dolor ea et quaerat officia suscipit a. Et nihil hic sed eos ut reprehenderit. Eos eum sunt assumenda eum dolor.&lt;/p&gt;&lt;address&gt;&lt;p&gt;Written by Sherwood Mills&lt;/p&gt;&lt;p&gt;https://www.angelo-kulas.org/amet&lt;/p&gt;&lt;/address&gt;&lt;/article&gt;
" type="java.lang.AssertionError">
      <![CDATA[java.lang.AssertionError: 1 expectation failed.
JSON path content doesn't match.
Expected: <article><h2>Edna O'Brien</h2><p>Neque et et expedita sed nihil. Dolor ea et quaerat officia suscipit a. Et nihil hic sed eos ut reprehenderit. Eos eum sunt assumenda eum dolor.</p><address><p>Written by Sherwood Mills</p><p>https://www.angelo-kulas.org/amet</p></address></article>
  Actual: <article><h2>Edna O&#x27;Brien</h2><p>Neque et et expedita sed nihil. Dolor ea et quaerat officia suscipit a. Et nihil hic sed eos ut reprehenderit. Eos eum sunt assumenda eum dolor.</p><address><p>Written by Sherwood Mills</p><p>https://www.angelo-kulas.org/amet</p></address></article>

at java.base/jdk.internal.reflect.NativeConstructorAccessorImpl.newInstance0(Native Method)
at java.base/jdk.internal.reflect.NativeConstructorAccessorImpl.newInstance(NativeConstructorAccessorImpl.java:77)
at java.base/jdk.internal.reflect.DelegatingConstructorAccessorImpl.newInstance(DelegatingConstructorAccessorImpl.java:45)
at java.base/java.lang.reflect.Constructor.newInstanceWithCaller(Constructor.java:499)
at java.base/java.lang.reflect.Constructor.newInstance(Constructor.java:480)
at org.codehaus.groovy.reflection.CachedConstructor.invoke(CachedConstructor.java:73)
at org.codehaus.groovy.runtime.callsite.ConstructorSite$ConstructorSiteNoUnwrapNoCoerce.callConstructor(ConstructorSite.java:108)
at org.codehaus.groovy.runtime.callsite.AbstractCallSite.callConstructor(AbstractCallSite.java:277)
at io.restassured.internal.ResponseSpecificationImpl$HamcrestAssertionClosure.validate(ResponseSpecificationImpl.groovy:512)
at io.restassured.internal.ResponseSpecificationImpl$HamcrestAssertionClosure$validate$1.call(Unknown Source)
at io.restassured.internal.ResponseSpecificationImpl.validateResponseIfRequired(ResponseSpecificationImpl.groovy:696)
at io.restassured.internal.ResponseSpecificationImpl.this$2$validateResponseIfRequired(ResponseSpecificationImpl.groovy)
at jdk.internal.reflect.GeneratedMethodAccessor118.invoke(Unknown Source)
at java.base/jdk.internal.reflect.DelegatingMethodAccessorImpl.invoke(DelegatingMethodAccessorImpl.java:43)
at java.base/java.lang.reflect.Method.invoke(Method.java:568)
at org.codehaus.groovy.runtime.callsite.PlainObjectMetaMethodSite.doInvoke(PlainObjectMetaMethodSite.java:43)
at org.codehaus.groovy.runtime.callsite.PogoMetaMethodSite$PogoCachedMethodSiteNoUnwrapNoCoerce.invoke(PogoMetaMethodSite.java:198)
at org.codehaus.groovy.runtime.callsite.PogoMetaMethodSite.callCurrent(PogoMetaMethodSite.java:62)
at org.codehaus.groovy.runtime.callsite.AbstractCallSite.callCurrent(AbstractCallSite.java:185)
at io.restassured.internal.ResponseSpecificationImpl.body(ResponseSpecificationImpl.groovy:270)
at io.restassured.specification.ResponseSpecification$body$0.callCurrent(Unknown Source)
at io.restassured.internal.ResponseSpecificationImpl.body(ResponseSpecificationImpl.groovy:117)
at io.restassured.internal.ValidatableResponseOptionsImpl.body(ValidatableResponseOptionsImpl.java:244)
at com.sdetadda.allure.RestAssuredTestCases.test_66(RestAssuredTestCases.java:610)
at java.base/jdk.internal.reflect.NativeMethodAccessorImpl.invoke0(Native Method)
at java.base/jdk.internal.reflect.NativeMethodAccessorImpl.invoke(NativeMethodAccessorImpl.java:77)
at java.base/jdk.internal.reflect.DelegatingMethodAccessorImpl.invoke(DelegatingMethodAccessorImpl.java:43)
at java.base/java.lang.reflect.Method.invoke(Method.java:568)
at org.testng.internal.invokers.MethodInvocationHelper.invokeMethod(MethodInvocationHelper.java:139)
at org.testng.internal.invokers.TestInvoker.invokeMethod(TestInvoker.java:664)
at org.testng.internal.invokers.TestInvoker.invokeTestMethod(TestInvoker.java:228)
at org.testng.internal.invokers.MethodRunner.runInSequence(MethodRunner.java:63)
at org.testng.internal.invokers.TestInvoker$MethodInvocationAgent.invoke(TestInvoker.java:961)
at org.testng.internal.invokers.TestInvoker.invokeTestMethods(TestInvoker.java:201)
at org.testng.internal.invokers.TestMethodWorker.invokeTestMethods(TestMethodWorker.java:148)
at org.testng.internal.invokers.TestMethodWorker.run(TestMethodWorker.java:128)
at java.base/java.util.ArrayList.forEach(ArrayList.java:1511)
at org.testng.TestRunner.privateRun(TestRunner.java:819)
at org.testng.TestRunner.run(TestRunner.java:619)
at org.testng.SuiteRunner.runTest(SuiteRunner.java:443)
at org.testng.SuiteRunner.runSequentially(SuiteRunner.java:437)
at org.testng.SuiteRunner.privateRun(SuiteRunner.java:397)
at org.testng.SuiteRunner.run(SuiteRunner.java:336)
at org.testng.SuiteRunnerWorker.runSuite(SuiteRunnerWorker.java:52)
at org.testng.SuiteRunnerWorker.run(SuiteRunnerWorker.java:95)
at org.testng.TestNG.runSuitesSequentially(TestNG.java:1301)
at org.testng.TestNG.runSuitesLocally(TestNG.java:1228)
at org.testng.TestNG.runSuites(TestNG.java:1134)
at org.testng.TestNG.run(TestNG.java:1101)
at org.testng.remote.AbstractRemoteTestNG.run(AbstractRemoteTestNG.java:115)
at org.testng.remote.RemoteTestNG.initAndRun(RemoteTestNG.java:293)
at org.testng.remote.RemoteTestNG.main(RemoteTestNG.java:91)
]]>
    </failure>
  </testcase> <!-- test_66 -->
  <testcase classname="com.sdetadda.allure.RestAssuredTestCases" name="testGetHeadingWithAnchorAndIdEmptyTextAndUrlAndZeroId" time="0.082"/>
  <testcase classname="com.sdetadda.allure.RestAssuredTestCases" name="test_69" time="0.034"/>
  <testcase classname="com.sdetadda.allure.RestAssuredTestCases" name="test_HeadingWithParagraphAndAnchorAndIdLongUrlZeroId" time="0.039"/>
  <testcase classname="com.sdetadda.allure.RestAssuredTestCases" name="testGetHeadingWithAnchorNullHeading" time="0.069"/>
  <testcase classname="com.sdetadda.allure.RestAssuredTestCases" name="test_129" time="0.054"/>
  <testcase classname="com.sdetadda.allure.RestAssuredTestCases" name="testGetHeadingWithAnchorEmptyHeadingAndAnchorText" time="0.039"/>
  <testcase classname="com.sdetadda.allure.RestAssuredTestCases" name="test_65" time="0.035"/>
  <testcase classname="com.sdetadda.allure.RestAssuredTestCases" name="test_88" time="0.041"/>
  <testcase classname="com.sdetadda.allure.RestAssuredTestCases" name="testGetHeadingWithParagraphsWithSpecialCharactersHeadingAndParagraphParameter" time="0.038"/>
  <testcase classname="com.sdetadda.allure.RestAssuredTestCases" name="test_178" time="0.048"/>
  <testcase classname="com.sdetadda.allure.RestAssuredTestCases" name="test_HeadingWithParagraphAndAnchorAndIdEmptyUrlAndParagraph" time="0.044"/>
  <testcase classname="com.sdetadda.allure.RestAssuredTestCases" name="testGetHeadingWithParagraphAndIdZeroIdNullHeading" time="0.047"/>
  <testcase classname="com.sdetadda.allure.RestAssuredTestCases" name="test_130" time="0.048"/>
  <testcase classname="com.sdetadda.allure.RestAssuredTestCases" name="test_176" time="0.056"/>
  <testcase classname="com.sdetadda.allure.RestAssuredTestCases" name="test_HeadingWithParagraphAndAnchorAndIdLongTextAndZeroId" time="0.033"/>
  <testcase classname="com.sdetadda.allure.RestAssuredTestCases" name="test_46" time="0.049"/>
  <testcase classname="com.sdetadda.allure.RestAssuredTestCases" name="testGetHeadingWithAnchorAndIdEmptyTextAndZeroId" time="0.084"/>
  <testcase classname="com.sdetadda.allure.RestAssuredTestCases" name="testGetHeadingWithParagraphAndIdZeroIdNullParagraph" time="0.051"/>
  <testcase classname="com.sdetadda.allure.RestAssuredTestCases" name="test_188" time="0.038"/>
  <testcase classname="com.sdetadda.allure.RestAssuredTestCases" name="test_145" time="0.047"/>
  <testcase classname="com.sdetadda.allure.RestAssuredTestCases" name="test_43" time="0.054"/>
  <testcase classname="com.sdetadda.allure.RestAssuredTestCases" name="testGetHeadingWithAnchorAndIdLongTextAndZeroId" time="0.069"/>
  <testcase classname="com.sdetadda.allure.RestAssuredTestCases" name="test_117" time="0.039"/>
  <testcase classname="com.sdetadda.allure.RestAssuredTestCases" name="test_162" time="0.041"/>
  <testcase classname="com.sdetadda.allure.RestAssuredTestCases" name="testGetHeadingWithAnchorAndIdLongTextAndUrl" time="0.062"/>
  <testcase classname="com.sdetadda.allure.RestAssuredTestCases" name="test_161" time="0.026"/>
  <testcase classname="com.sdetadda.allure.RestAssuredTestCases" name="test_135" time="0.049"/>
  <testcase classname="com.sdetadda.allure.RestAssuredTestCases" name="test_138" time="0.043"/>
  <testcase classname="com.sdetadda.allure.RestAssuredTestCases" name="test_175" time="0.039"/>
  <testcase classname="com.sdetadda.allure.RestAssuredTestCases" name="testGetHeadingWithParagraphAndIdNullHeadingAndParagraph" time="0.052"/>
  <testcase classname="com.sdetadda.allure.RestAssuredTestCases" name="test_HeadingWithParagraphAndAnchorAndIdEmptyParagraphZeroId" time="0.042"/>
  <testcase classname="com.sdetadda.allure.RestAssuredTestCases" name="testGetHeadingWithAnchorEmptyAnchorUrl" time="0.051"/>
  <testcase classname="com.sdetadda.allure.RestAssuredTestCases" name="test_HeadingWithParagraphAndAnchorAndIdNullTextAndUrlAndId" time="0.036"/>
  <testcase classname="com.sdetadda.allure.RestAssuredTestCases" name="test_142" time="0.039"/>
  <testcase classname="com.sdetadda.allure.RestAssuredTestCases" name="testGetHeadingWithAnchorNullHeadingAndAnchorTextAndAnchorUrl" time="0.047"/>
  <testcase classname="com.sdetadda.allure.RestAssuredTestCases" name="test_160" time="0.032"/>
  <testcase classname="com.sdetadda.allure.RestAssuredTestCases" name="testGetHeadingWithAnchorAndIdLongHeadingAndTextAndUrlAndZeroId" time="0.100"/>
  <testcase classname="com.sdetadda.allure.RestAssuredTestCases" name="test_HeadingWithParagraphAndAnchorAndIdLongText" time="0.046"/>
  <testcase classname="com.sdetadda.allure.RestAssuredTestCases" name="testGetHeadingWithAnchorAndIdNullText" time="0.048"/>
  <testcase classname="com.sdetadda.allure.RestAssuredTestCases" name="test_HeadingWithParagraphAndAnchorAndIdNullHeadingAndUrlAndParagraph" time="0.036"/>
  <testcase classname="com.sdetadda.allure.RestAssuredTestCases" name="test_52" time="0.047"/>
  <testcase classname="com.sdetadda.allure.RestAssuredTestCases" name="test_171" time="0.052"/>
  <testcase classname="com.sdetadda.allure.RestAssuredTestCases" name="test_191" time="0.043"/>
  <testcase classname="com.sdetadda.allure.RestAssuredTestCases" name="test_09" time="0.117"/>
  <testcase classname="com.sdetadda.allure.RestAssuredTestCases" name="test_183" time="0.040"/>
  <testcase classname="com.sdetadda.allure.RestAssuredTestCases" name="test_HeadingWithParagraphAndAnchorAndIdLongHeadingAndUrl" time="0.038"/>
  <testcase classname="com.sdetadda.allure.RestAssuredTestCases" name="test_57" time="0.034"/>
  <testcase classname="com.sdetadda.allure.RestAssuredTestCases" name="test_95" time="0.039"/>
  <testcase classname="com.sdetadda.allure.RestAssuredTestCases" name="test_HeadingWithParagraphAndAnchorAndIdLongHeading" time="0.032"/>
  <testcase classname="com.sdetadda.allure.RestAssuredTestCases" name="test_HeadingWithParagraphAndAnchorAndIdLongUrl" time="0.032"/>
  <testcase classname="com.sdetadda.allure.RestAssuredTestCases" name="test_HeadingWithParagraphAndAnchorAndIdZeroId" time="0.030"/>
  <testcase classname="com.sdetadda.allure.RestAssuredTestCases" name="testGetHeadingWithParagraphAndIdLongHeading" time="0.033"/>
  <testcase classname="com.sdetadda.allure.RestAssuredTestCases" name="test_HeadingWithParagraphAndAnchorAndIdLongHeadingAndTextAndUrlAndZeroId" time="0.034"/>
  <testcase classname="com.sdetadda.allure.RestAssuredTestCases" name="test_04" time="0.062"/>
  <testcase classname="com.sdetadda.allure.RestAssuredTestCases" name="testGetHeadingWithAnchorAndIdSpecialCharactersTextAndUrl" time="0.062"/>
  <testcase classname="com.sdetadda.allure.RestAssuredTestCases" name="testGetHeadingWithAnchorAndIdNullHeadingAndTextAndUrlAndZeroId" time="0.069"/>
  <testcase classname="com.sdetadda.allure.RestAssuredTestCases" name="testGetHeadingWithParagraphsWithSpecialCharactersHeadingParameter" time="0.035"/>
  <testcase classname="com.sdetadda.allure.RestAssuredTestCases" name="test_HeadingWithParagraphAndAnchorAndIdEmptyHeadingAndUrlAndZeroId" time="0.066"/>
  <testcase classname="com.sdetadda.allure.RestAssuredTestCases" name="testGetHeadingWithAnchorAndIdEmptyHeadingAndTextAndUrl" time="0.133"/>
  <testcase classname="com.sdetadda.allure.RestAssuredTestCases" name="test_40" time="0.040"/>
  <testcase classname="com.sdetadda.allure.RestAssuredTestCases" name="test_126" time="0.055"/>
  <testcase classname="com.sdetadda.allure.RestAssuredTestCases" name="test_131" time="0.033"/>
  <testcase classname="com.sdetadda.allure.RestAssuredTestCases" name="test_71" time="0.037"/>
  <testcase classname="com.sdetadda.allure.RestAssuredTestCases" name="test_148" time="0.037"/>
  <testcase classname="com.sdetadda.allure.RestAssuredTestCases" name="test_122" time="0.105"/>
  <testcase classname="com.sdetadda.allure.RestAssuredTestCases" name="test_177" time="0.042"/>
  <testcase classname="com.sdetadda.allure.RestAssuredTestCases" name="test_HeadingWithParagraphAndAnchorAndIdNullHeadingAndUrlAndId" time="0.031"/>
  <testcase classname="com.sdetadda.allure.RestAssuredTestCases" name="testGetHeadingWithAnchorEmptyHeading" time="0.037"/>
  <testcase classname="com.sdetadda.allure.RestAssuredTestCases" name="test_HeadingWithParagraphAndAnchorAndIdNullHeadingAndUrlAndParagraphAndId" time="0.032"/>
  <testcase classname="com.sdetadda.allure.RestAssuredTestCases" name="testGetHeadingWithParagraphAndIdLongHeadingNullParagraph" time="0.042"/>
  <testcase classname="com.sdetadda.allure.RestAssuredTestCases" name="test_HeadingWithParagraphAndAnchorAndIdEmptyTextAndUrlAndParagraph" time="0.041"/>
  <testcase classname="com.sdetadda.allure.RestAssuredTestCases" name="test_HeadingWithParagraphAndAnchorAndIdNullTextAndUrlAndParagraphAndId" time="0.037"/>
  <testcase classname="com.sdetadda.allure.RestAssuredTestCases" name="test_93" time="0.046"/>
  <testcase classname="com.sdetadda.allure.RestAssuredTestCases" name="test_11" time="0.056"/>
  <testcase classname="com.sdetadda.allure.RestAssuredTestCases" name="testGetHeadingWithAnchorAndIdNullUrlAndZeroId" time="0.067"/>
  <testcase classname="com.sdetadda.allure.RestAssuredTestCases" name="test_76" time="0.045"/>
  <testcase classname="com.sdetadda.allure.RestAssuredTestCases" name="testGetHeadingWithAnchorAndIdSpecialCharactersHeadingAndTextAndUrlAndZeroId" time="0.046"/>
  <testcase classname="com.sdetadda.allure.RestAssuredTestCases" name="test_121" time="0.049"/>
  <testcase classname="com.sdetadda.allure.RestAssuredTestCases" name="test_HeadingWithParagraphAndAnchorAndIdEmptyHeadingAndUrl" time="0.037"/>
  <testcase classname="com.sdetadda.allure.RestAssuredTestCases" name="test_21" time="0.036"/>
  <testcase classname="com.sdetadda.allure.RestAssuredTestCases" name="test_HeadingWithParagraphAndAnchorAndIdNullId" time="0.045"/>
  <testcase classname="com.sdetadda.allure.RestAssuredTestCases" name="test_HeadingWithParagraphAndAnchorAndIdNullHeadingAndText" time="0.028"/>
  <testcase classname="com.sdetadda.allure.RestAssuredTestCases" name="test_150" time="0.130"/>
  <testcase classname="com.sdetadda.allure.RestAssuredTestCases" name="test_23" time="0.035"/>
  <testcase classname="com.sdetadda.allure.RestAssuredTestCases" name="test_HeadingWithParagraphAndAnchorAndIdLongUrlAndParagraphAndZeroId" time="0.039"/>
  <testcase classname="com.sdetadda.allure.RestAssuredTestCases" name="test_180" time="0.048"/>
  <testcase classname="com.sdetadda.allure.RestAssuredTestCases" name="test_HeadingWithParagraphAndId" time="0.033"/>
  <testcase classname="com.sdetadda.allure.RestAssuredTestCases" name="test_128" time="0.086"/>
  <testcase classname="com.sdetadda.allure.RestAssuredTestCases" name="test_80" time="0.040"/>
  <testcase classname="com.sdetadda.allure.RestAssuredTestCases" name="test_26" time="0.041"/>
  <testcase classname="com.sdetadda.allure.RestAssuredTestCases" name="test_79" time="0.031"/>
  <testcase classname="com.sdetadda.allure.RestAssuredTestCases" name="test_HeadingWithParagraphAndAnchorAndIdNullTextAndId" time="0.040"/>
  <testcase classname="com.sdetadda.allure.RestAssuredTestCases" name="test_179" time="0.044"/>
  <testcase classname="com.sdetadda.allure.RestAssuredTestCases" name="test_HeadingWithParagraphAndAnchorAndIdEmptyUrlAndParagraphAndZeroId" time="0.033"/>
  <testcase classname="com.sdetadda.allure.RestAssuredTestCases" name="testGetHeadingWithParagraphWithNullParameters" time="0.072"/>
  <testcase classname="com.sdetadda.allure.RestAssuredTestCases" name="test_HeadingWithParagraphAndAnchorAndIdLongHeadingAndUrlAndZeroId" time="0.034"/>
  <testcase classname="com.sdetadda.allure.RestAssuredTestCases" name="testGetHeadingWithParagraphWithLongHeadingNullParagraphParameters" time="0.110"/>
  <testcase classname="com.sdetadda.allure.RestAssuredTestCases" name="test_HeadingWithParagraphAndAnchorAndIdEmptyHeadingAndZeroId" time="0.136"/>
  <testcase classname="com.sdetadda.allure.RestAssuredTestCases" name="test_115" time="0.041"/>
  <testcase classname="com.sdetadda.allure.RestAssuredTestCases" name="testGetHeadingWithAnchorAndIdLongHeadingAndTextAndUrl" time="0.216"/>
  <testcase classname="com.sdetadda.allure.RestAssuredTestCases" name="test_174" time="0.039"/>
  <testcase classname="com.sdetadda.allure.RestAssuredTestCases" name="test_105" time="0.159"/>
  <testcase classname="com.sdetadda.allure.RestAssuredTestCases" name="test_HeadingWithParagraphAndAnchorAndIdEmptyHeadingAndTextAndUrl" time="0.043"/>
  <testcase classname="com.sdetadda.allure.RestAssuredTestCases" name="test_10" time="0.158">
    <failure message="1 expectation failed.
JSON path content doesn&#039;t match.
Expected: &lt;html&gt;&lt;head id=\&quot;head\&quot; class=\&quot;header-content\&quot;&gt;&lt;title&gt;Title&lt;/title&gt;&lt;link rel=\&quot;stylesheet\&quot; href=\&quot;/css/main.css\&quot;&gt;&lt;/head&gt;&lt;body&gt;&lt;input type=\&quot;email\&quot; id=\&quot;email\&quot; name=\&quot;email\&quot; placeholder=\&quot;Enter your email\&quot; value=\&quot;\&quot; required&gt;&lt;input type=\&quot;password\&quot; id=\&quot;password\&quot; name=\&quot;password\&quot; placeholder=\&quot;Enter your password\&quot; value=\&quot;password123\&quot; required&gt;&lt;/body&gt;&lt;/html&gt;
  Actual: &lt;html&gt;&lt;head id=\&quot;head\&quot; class=\&quot;header-content\&quot;&gt;&lt;title&gt;Title&lt;/title&gt;&lt;link rel=\&quot;stylesheet\&quot; href=\&quot;/css/main.css\&quot;&gt;&lt;/head&gt;&lt;body&gt;&lt;input type=\&quot;email\&quot; id=\&quot;email\&quot; name=\&quot;email\&quot; placeholder=\&quot;Enter your email\&quot; value=\&quot;\&quot; required&gt;&lt;input type=\&quot;password\&quot; id=\&quot;password\&quot; name=\&quot;password\&quot; placeholder=\&quot;Enter your password\&quot; value=\&quot;password123\&quot; required&gt;&lt;button&gt;Login&lt;/button&gt;&lt;/body&gt;&lt;/html&gt;
" type="java.lang.AssertionError">
      <![CDATA[java.lang.AssertionError: 1 expectation failed.
JSON path content doesn't match.
Expected: <html><head id=\"head\" class=\"header-content\"><title>Title</title><link rel=\"stylesheet\" href=\"/css/main.css\"></head><body><input type=\"email\" id=\"email\" name=\"email\" placeholder=\"Enter your email\" value=\"\" required><input type=\"password\" id=\"password\" name=\"password\" placeholder=\"Enter your password\" value=\"password123\" required></body></html>
  Actual: <html><head id=\"head\" class=\"header-content\"><title>Title</title><link rel=\"stylesheet\" href=\"/css/main.css\"></head><body><input type=\"email\" id=\"email\" name=\"email\" placeholder=\"Enter your email\" value=\"\" required><input type=\"password\" id=\"password\" name=\"password\" placeholder=\"Enter your password\" value=\"password123\" required><button>Login</button></body></html>

at java.base/jdk.internal.reflect.NativeConstructorAccessorImpl.newInstance0(Native Method)
at java.base/jdk.internal.reflect.NativeConstructorAccessorImpl.newInstance(NativeConstructorAccessorImpl.java:77)
at java.base/jdk.internal.reflect.DelegatingConstructorAccessorImpl.newInstance(DelegatingConstructorAccessorImpl.java:45)
at java.base/java.lang.reflect.Constructor.newInstanceWithCaller(Constructor.java:499)
at java.base/java.lang.reflect.Constructor.newInstance(Constructor.java:480)
at org.codehaus.groovy.reflection.CachedConstructor.invoke(CachedConstructor.java:73)
at org.codehaus.groovy.runtime.callsite.ConstructorSite$ConstructorSiteNoUnwrapNoCoerce.callConstructor(ConstructorSite.java:108)
at org.codehaus.groovy.runtime.callsite.AbstractCallSite.callConstructor(AbstractCallSite.java:277)
at io.restassured.internal.ResponseSpecificationImpl$HamcrestAssertionClosure.validate(ResponseSpecificationImpl.groovy:512)
at io.restassured.internal.ResponseSpecificationImpl$HamcrestAssertionClosure$validate$1.call(Unknown Source)
at io.restassured.internal.ResponseSpecificationImpl.validateResponseIfRequired(ResponseSpecificationImpl.groovy:696)
at io.restassured.internal.ResponseSpecificationImpl.this$2$validateResponseIfRequired(ResponseSpecificationImpl.groovy)
at jdk.internal.reflect.GeneratedMethodAccessor118.invoke(Unknown Source)
at java.base/jdk.internal.reflect.DelegatingMethodAccessorImpl.invoke(DelegatingMethodAccessorImpl.java:43)
at java.base/java.lang.reflect.Method.invoke(Method.java:568)
at org.codehaus.groovy.runtime.callsite.PlainObjectMetaMethodSite.doInvoke(PlainObjectMetaMethodSite.java:43)
at org.codehaus.groovy.runtime.callsite.PogoMetaMethodSite$PogoCachedMethodSiteNoUnwrapNoCoerce.invoke(PogoMetaMethodSite.java:198)
at org.codehaus.groovy.runtime.callsite.PogoMetaMethodSite.callCurrent(PogoMetaMethodSite.java:62)
at org.codehaus.groovy.runtime.callsite.AbstractCallSite.callCurrent(AbstractCallSite.java:185)
at io.restassured.internal.ResponseSpecificationImpl.body(ResponseSpecificationImpl.groovy:270)
at io.restassured.specification.ResponseSpecification$body$0.callCurrent(Unknown Source)
at io.restassured.internal.ResponseSpecificationImpl.body(ResponseSpecificationImpl.groovy:117)
at io.restassured.internal.ValidatableResponseOptionsImpl.body(ValidatableResponseOptionsImpl.java:244)
at com.sdetadda.allure.RestAssuredTestCases.test_10(RestAssuredTestCases.java:92)
at java.base/jdk.internal.reflect.NativeMethodAccessorImpl.invoke0(Native Method)
at java.base/jdk.internal.reflect.NativeMethodAccessorImpl.invoke(NativeMethodAccessorImpl.java:77)
at java.base/jdk.internal.reflect.DelegatingMethodAccessorImpl.invoke(DelegatingMethodAccessorImpl.java:43)
at java.base/java.lang.reflect.Method.invoke(Method.java:568)
at org.testng.internal.invokers.MethodInvocationHelper.invokeMethod(MethodInvocationHelper.java:139)
at org.testng.internal.invokers.TestInvoker.invokeMethod(TestInvoker.java:664)
at org.testng.internal.invokers.TestInvoker.invokeTestMethod(TestInvoker.java:228)
at org.testng.internal.invokers.MethodRunner.runInSequence(MethodRunner.java:63)
at org.testng.internal.invokers.TestInvoker$MethodInvocationAgent.invoke(TestInvoker.java:961)
at org.testng.internal.invokers.TestInvoker.invokeTestMethods(TestInvoker.java:201)
at org.testng.internal.invokers.TestMethodWorker.invokeTestMethods(TestMethodWorker.java:148)
at org.testng.internal.invokers.TestMethodWorker.run(TestMethodWorker.java:128)
at java.base/java.util.ArrayList.forEach(ArrayList.java:1511)
at org.testng.TestRunner.privateRun(TestRunner.java:819)
at org.testng.TestRunner.run(TestRunner.java:619)
at org.testng.SuiteRunner.runTest(SuiteRunner.java:443)
at org.testng.SuiteRunner.runSequentially(SuiteRunner.java:437)
at org.testng.SuiteRunner.privateRun(SuiteRunner.java:397)
at org.testng.SuiteRunner.run(SuiteRunner.java:336)
at org.testng.SuiteRunnerWorker.runSuite(SuiteRunnerWorker.java:52)
at org.testng.SuiteRunnerWorker.run(SuiteRunnerWorker.java:95)
at org.testng.TestNG.runSuitesSequentially(TestNG.java:1301)
at org.testng.TestNG.runSuitesLocally(TestNG.java:1228)
at org.testng.TestNG.runSuites(TestNG.java:1134)
at org.testng.TestNG.run(TestNG.java:1101)
at org.testng.remote.AbstractRemoteTestNG.run(AbstractRemoteTestNG.java:115)
at org.testng.remote.RemoteTestNG.initAndRun(RemoteTestNG.java:293)
at org.testng.remote.RemoteTestNG.main(RemoteTestNG.java:91)
]]>
    </failure>
  </testcase> <!-- test_10 -->
  <testcase classname="com.sdetadda.allure.RestAssuredTestCases" name="testGetHeadingWithAnchorAndIdNullTextAndUrlAndZeroId" time="0.049"/>
  <testcase classname="com.sdetadda.allure.RestAssuredTestCases" name="test_58" time="0.034"/>
  <testcase classname="com.sdetadda.allure.RestAssuredTestCases" name="testGetHeadingWithAnchorAndIdLongUrl" time="0.066"/>
  <testcase classname="com.sdetadda.allure.RestAssuredTestCases" name="testGetHeadingWithAnchorLongHeadingAndAnchorText" time="0.071"/>
  <testcase classname="com.sdetadda.allure.RestAssuredTestCases" name="testGetHeadingWithParagraphAndIdNullHeading" time="0.064"/>
  <testcase classname="com.sdetadda.allure.RestAssuredTestCases" name="test_53" time="0.053"/>
  <testcase classname="com.sdetadda.allure.RestAssuredTestCases" name="test_33" time="0.036"/>
  <testcase classname="com.sdetadda.allure.RestAssuredTestCases" name="test_154" time="0.041"/>
  <testcase classname="com.sdetadda.allure.RestAssuredTestCases" name="test_HeadingWithParagraphAndAnchorAndIdEmptyHeadingAndUrlAndParagraphAndZeroId" time="0.041"/>
  <testcase classname="com.sdetadda.allure.RestAssuredTestCases" name="test_181" time="0.041"/>
  <testcase classname="com.sdetadda.allure.RestAssuredTestCases" name="test_HeadingWithParagraphAndAnchorAndIdNullHeadingAndParagraph" time="0.032"/>
  <testcase classname="com.sdetadda.allure.RestAssuredTestCases" name="test_HeadingWithParagraphAndAnchorAndIdEmptyHeadingAndParagraph" time="0.047"/>
  <testcase classname="com.sdetadda.allure.RestAssuredTestCases" name="testGetHeadingWithAnchorAndIdNullHeading" time="0.070"/>
  <testcase classname="com.sdetadda.allure.RestAssuredTestCases" name="test_31" time="0.054"/>
  <testcase classname="com.sdetadda.allure.RestAssuredTestCases" name="test_HeadingWithParagraphAndAnchorAndIdNullHeadingAndParagraphAndId" time="0.035"/>
  <testcase classname="com.sdetadda.allure.RestAssuredTestCases" name="testGetHeadingWithAnchorLongHeading" time="0.046"/>
  <testcase classname="com.sdetadda.allure.RestAssuredTestCases" name="test_54" time="0.037"/>
  <testcase classname="com.sdetadda.allure.RestAssuredTestCases" name="testGetHeadingWithAnchorAndIdSpecialCharactersHeading" time="0.051"/>
  <testcase classname="com.sdetadda.allure.RestAssuredTestCases" name="test_34" time="0.034"/>
  <testcase classname="com.sdetadda.allure.RestAssuredTestCases" name="test_168" time="0.033"/>
  <testcase classname="com.sdetadda.allure.RestAssuredTestCases" name="test_189" time="0.044"/>
  <testcase classname="com.sdetadda.allure.RestAssuredTestCases" name="test_133" time="0.038"/>
  <testcase classname="com.sdetadda.allure.RestAssuredTestCases" name="test_77" time="0.031"/>
  <testcase classname="com.sdetadda.allure.RestAssuredTestCases" name="test_101" time="0.046"/>
  <testcase classname="com.sdetadda.allure.RestAssuredTestCases" name="testGetHeadingWithAnchorAndIdNullHeadingAndZeroId" time="0.046"/>
  <testcase classname="com.sdetadda.allure.RestAssuredTestCases" name="test_123" time="0.043"/>
  <testcase classname="com.sdetadda.allure.RestAssuredTestCases" name="test_91" time="0.058"/>
  <testcase classname="com.sdetadda.allure.RestAssuredTestCases" name="test_96" time="0.044"/>
  <testcase classname="com.sdetadda.allure.RestAssuredTestCases" name="test_HeadingWithParagraphAndAnchorAndIdLongHeadingAndText" time="0.039"/>
  <testcase classname="com.sdetadda.allure.RestAssuredTestCases" name="testGetHeadingWithAnchorAndIdLongHeadingAndUrlZeroId" time="0.052"/>
  <testcase classname="com.sdetadda.allure.RestAssuredTestCases" name="test_HeadingWithParagraphAndAnchorAndIdLongTextAndUrlAndZeroId" time="0.052"/>
  <testcase classname="com.sdetadda.allure.RestAssuredTestCases" name="test_90" time="0.052"/>
  <testcase classname="com.sdetadda.allure.RestAssuredTestCases" name="testGetHeadingWithAnchorAndIdSpecialCharactersText" time="0.062"/>
  <testcase classname="com.sdetadda.allure.RestAssuredTestCases" name="test_25" time="0.031"/>
  <testcase classname="com.sdetadda.allure.RestAssuredTestCases" name="test_HeadingWithParagraphAndAnchorAndIdEmptyTextAndUrlAndParagraphAndZeroId" time="0.037"/>
  <testcase classname="com.sdetadda.allure.RestAssuredTestCases" name="testGetHeadingWithParagraphAndIdSpecialCharactersParagraphParameter" time="0.054"/>
  <testcase classname="com.sdetadda.allure.RestAssuredTestCases" name="test_01" time="0.409"/>
  <testcase classname="com.sdetadda.allure.RestAssuredTestCases" name="test_HeadingWithParagraphAndAnchorAndIdEmptyHeadingAndParagraphAndZeroId" time="0.041"/>
  <testcase classname="com.sdetadda.allure.RestAssuredTestCases" name="test_HeadingWithParagraphAndAnchorAndIdEmptyTextAndUrl" time="0.038"/>
  <testcase classname="com.sdetadda.allure.RestAssuredTestCases" name="testGetHeadingWithAnchorSpecialCharactersHeadingAndAnchorText" time="0.052"/>
  <testcase classname="com.sdetadda.allure.RestAssuredTestCases" name="testGetHeadingWithAnchorAndIdLongHeadingAndText" time="0.461"/>
  <testcase classname="com.sdetadda.allure.RestAssuredTestCases" name="test_HeadingWithParagraphAndAnchorAndIdNullParagraphAndId" time="0.035"/>
  <testcase classname="com.sdetadda.allure.RestAssuredTestCases" name="test_37" time="0.106"/>
  <testcase classname="com.sdetadda.allure.RestAssuredTestCases" name="test_HeadingWithParagraphAndAnchorAndIdNullTextAndUrl" time="0.035"/>
  <testcase classname="com.sdetadda.allure.RestAssuredTestCases" name="test_HeadingWithParagraphAndAnchorAndIdLongHeadingAndUrlAndParagraphAndZeroId" time="0.030"/>
  <testcase classname="com.sdetadda.allure.RestAssuredTestCases" name="test_193" time="0.106"/>
  <testcase classname="com.sdetadda.allure.RestAssuredTestCases" name="test_15" time="0.057"/>
  <testcase classname="com.sdetadda.allure.RestAssuredTestCases" name="testGetHeadingWithAnchorAndIdSpecialCharactersUrlAndZeroId" time="0.045"/>
  <testcase classname="com.sdetadda.allure.RestAssuredTestCases" name="testGetHeadingWithAnchorAndIdNullTextAndUrl" time="0.106"/>
  <testcase classname="com.sdetadda.allure.RestAssuredTestCases" name="testGetHeadingWithAnchorAndIdSpecialCharactersHeadingAndTextAndUrl" time="0.039"/>
  <testcase classname="com.sdetadda.allure.RestAssuredTestCases" name="testGetHeadingWithAnchorSpecialCharactersHeadingAndAnchorTextAndAnchorUrl" time="0.060"/>
  <testcase classname="com.sdetadda.allure.RestAssuredTestCases" name="test_89" time="0.038"/>
  <testcase classname="com.sdetadda.allure.RestAssuredTestCases" name="test_196" time="0.038"/>
  <testcase classname="com.sdetadda.allure.RestAssuredTestCases" name="test_22" time="0.036"/>
  <testcase classname="com.sdetadda.allure.RestAssuredTestCases" name="test_HeadingWithParagraphAndAnchorAndIdLongHeadingAndTextAndParagraphAndZeroId" time="0.034"/>
  <testcase classname="com.sdetadda.allure.RestAssuredTestCases" name="testGetHeadingWithAnchorAndIdSpecialCharactersHeadingAndUrl" time="0.072"/>
  <testcase classname="com.sdetadda.allure.RestAssuredTestCases" name="test_HeadingWithParagraphAndAnchorAndIdEmptyHeadingAndTextAndZeroId" time="0.039"/>
  <testcase classname="com.sdetadda.allure.RestAssuredTestCases" name="testGetHeadingWithAnchorAndIdEmptyHeading" time="6.842"/>
  <testcase classname="com.sdetadda.allure.RestAssuredTestCases" name="test_HeadingWithParagraphAndAnchorAndIdEmptyTextAndZeroId" time="0.030"/>
  <testcase classname="com.sdetadda.allure.RestAssuredTestCases" name="test_HeadingWithParagraphAndAnchorAndIdLongTextAndUrl" time="0.033"/>
  <testcase classname="com.sdetadda.allure.RestAssuredTestCases" name="test_05" time="0.056"/>
  <testcase classname="com.sdetadda.allure.RestAssuredTestCases" name="test_HeadingWithParagraphAndAnchorAndIdNullHeadingAndTextAndUrlAndParagraph" time="0.042"/>
  <testcase classname="com.sdetadda.allure.RestAssuredTestCases" name="test_32" time="0.034"/>
  <testcase classname="com.sdetadda.allure.RestAssuredTestCases" name="testGetHeadingWithAnchorAndIdZeroId" time="0.046"/>
  <testcase classname="com.sdetadda.allure.RestAssuredTestCases" name="test_HeadingWithParagraphAndAnchorAndIdLongUrlAndParagraph" time="0.031"/>
  <testcase classname="com.sdetadda.allure.RestAssuredTestCases" name="test_106" time="0.140"/>
  <testcase classname="com.sdetadda.allure.RestAssuredTestCases" name="test_HeadingWithParagraphAndAnchorAndIdLongHeadingAndTextAndParagraph" time="0.037"/>
  <testcase classname="com.sdetadda.allure.RestAssuredTestCases" name="test_85" time="0.055"/>
  <testcase classname="com.sdetadda.allure.RestAssuredTestCases" name="testGetHeadingWithParagraphAndIdEmptyHeading" time="0.069"/>
  <testcase classname="com.sdetadda.allure.RestAssuredTestCases" name="test_HeadingWithParagraphAndAnchorAndIdEmptyHeadingAndTextAndUrlAndZeroId" time="0.038"/>
  <testcase classname="com.sdetadda.allure.RestAssuredTestCases" name="testGetHeadingWithAnchorAndIdNullUrl" time="0.053"/>
  <testcase classname="com.sdetadda.allure.RestAssuredTestCases" name="test_197" time="0.039"/>
  <testcase classname="com.sdetadda.allure.RestAssuredTestCases" name="testGetHeadingWithParagraphAndIdZeroId" time="0.043"/>
  <testcase classname="com.sdetadda.allure.RestAssuredTestCases" name="test_78" time="0.034"/>
  <testcase classname="com.sdetadda.allure.RestAssuredTestCases" name="test_94" time="0.039"/>
  <testcase classname="com.sdetadda.allure.RestAssuredTestCases" name="testGetHeadingWithParagraphAndIdZeroIdEmptyHeading" time="0.042"/>
  <testcase classname="com.sdetadda.allure.RestAssuredTestCases" name="test_136" time="0.045"/>
  <testcase classname="com.sdetadda.allure.RestAssuredTestCases" name="test_47" time="0.032"/>
  <testcase classname="com.sdetadda.allure.RestAssuredTestCases" name="test_12" time="0.065"/>
  <testcase classname="com.sdetadda.allure.RestAssuredTestCases" name="test_30" time="0.041"/>
  <testcase classname="com.sdetadda.allure.RestAssuredTestCases" name="testGetHeadingWithAnchorLongAnchorText" time="0.205"/>
  <testcase classname="com.sdetadda.allure.RestAssuredTestCases" name="test_HeadingWithParagraphAndAnchorAndIdLongTextAndUrlAndParagraph" time="0.030"/>
  <testcase classname="com.sdetadda.allure.RestAssuredTestCases" name="test_HeadingWithParagraphAndAnchorAndIdNullUrlAndParagraphAndId" time="0.028"/>
  <testcase classname="com.sdetadda.allure.RestAssuredTestCases" name="testGetHeadingWithAnchorAndIdEmptyHeadingAndTextAndUrlAndZeroId" time="0.101"/>
  <testcase classname="com.sdetadda.allure.RestAssuredTestCases" name="test_HeadingWithAnchorAndId" time="0.040"/>
  <testcase classname="com.sdetadda.allure.RestAssuredTestCases" name="testGetHeadingWithAnchorAndIdLongHeading" time="0.136"/>
  <testcase classname="com.sdetadda.allure.RestAssuredTestCases" name="testGetHeadingWithParagraphWithLongHeadingAndParagraphParameters" time="0.097"/>
  <testcase classname="com.sdetadda.allure.RestAssuredTestCases" name="test_137" time="0.044"/>
  <testcase classname="com.sdetadda.allure.RestAssuredTestCases" name="test_149" time="0.038"/>
  <testcase classname="com.sdetadda.allure.RestAssuredTestCases" name="test_HeadingWithParagraphAndAnchorAndIdNullHeadingAndTextAndUrlAndParagraphAndId" time="0.034"/>
  <testcase classname="com.sdetadda.allure.RestAssuredTestCases" name="test_HeadingWithParagraph" time="0.036"/>
  <testcase classname="com.sdetadda.allure.RestAssuredTestCases" name="test_HeadingWithParagraphAndAnchorAndIdLongHeadingAndZeroId" time="0.037"/>
  <testcase classname="com.sdetadda.allure.RestAssuredTestCases" name="testGetHeadingWithParagraphsWithSpecialCharactersParagraphParameter" time="0.043"/>
  <testcase classname="com.sdetadda.allure.RestAssuredTestCases" name="test_114" time="0.040"/>
  <testcase classname="com.sdetadda.allure.RestAssuredTestCases" name="test_127" time="0.092"/>
  <testcase classname="com.sdetadda.allure.RestAssuredTestCases" name="test_103" time="0.045"/>
</testsuite> <!-- com.sdetadda.allure.RestAssuredTestCases -->
