<?xml version="1.0" encoding="UTF-8"?>
<!-- Generated by org.testng.reporters.JUnitReportReporter -->
<testsuite hostname="DESKTOP-C9RV58D" failures="0" tests="305" name="com.sdetadda.allure.TestNGTestCases" time="2.891" errors="0" timestamp="2024-05-18T10:05:39 AEST" skipped="0">
  <testcase classname="com.sdetadda.allure.TestNGTestCases" name="functionParagraphCheck2" time="0.009"/>
  <testcase classname="com.sdetadda.allure.TestNGTestCases" name="testCreateUnorderedListWithNullItems_fail_NullIdAndClassEmptyItems" time="0.004"/>
  <testcase classname="com.sdetadda.allure.TestNGTestCases" name="testCreateBasicOrderedList_longItems" time="0.004"/>
  <testcase classname="com.sdetadda.allure.TestNGTestCases" name="testCreateEmptyOrderedList" time="0.007"/>
  <testcase classname="com.sdetadda.allure.TestNGTestCases" name="testCreateBasicOrderedList_emptyItems" time="0.006"/>
  <testcase classname="com.sdetadda.allure.TestNGTestCases" name="testCreateLinkWithClass_emptyClass" time="0.007"/>
  <testcase classname="com.sdetadda.allure.TestNGTestCases" name="functionH1Check14" time="0.012"/>
  <testcase classname="com.sdetadda.allure.TestNGTestCases" name="functionH2Check5" time="0.008"/>
  <testcase classname="com.sdetadda.allure.TestNGTestCases" name="testCreateBasicOrderedList_fail_emptyItem" time="0.011"/>
  <testcase classname="com.sdetadda.allure.TestNGTestCases" name="testCreateOrderedListWithCustomNumbering" time="0.004"/>
  <testcase classname="com.sdetadda.allure.TestNGTestCases" name="functionH6Check10" time="0.006"/>
  <testcase classname="com.sdetadda.allure.TestNGTestCases" name="testCreateBasicLink5" time="0.014"/>
  <testcase classname="com.sdetadda.allure.TestNGTestCases" name="testCreateOrderedListWithLinks_nullItems" time="0.003"/>
  <testcase classname="com.sdetadda.allure.TestNGTestCases" name="testCreateUnorderedListWithNullItems_fail_DuplicateItems" time="0.008"/>
  <testcase classname="com.sdetadda.allure.TestNGTestCases" name="functionLinkCheck3" time="0.005"/>
  <testcase classname="com.sdetadda.allure.TestNGTestCases" name="functionParagraphCheck8" time="0.010"/>
  <testcase classname="com.sdetadda.allure.TestNGTestCases" name="testCreateUnorderedListWithId" time="0.004"/>
  <testcase classname="com.sdetadda.allure.TestNGTestCases" name="functionAnchorCheck3" time="0.008"/>
  <testcase classname="com.sdetadda.allure.TestNGTestCases" name="testCreateLinkWithTarget_fail_missingTarget" time="0.005"/>
  <testcase classname="com.sdetadda.allure.TestNGTestCases" name="testCreateUnorderedListWithNestedLists_mismatchedChildItems" time="0.004"/>
  <testcase classname="com.sdetadda.allure.TestNGTestCases" name="functionH4Check11" time="0.007"/>
  <testcase classname="com.sdetadda.allure.TestNGTestCases" name="testCreateUnorderedListWithCustomId_nullItems" time="0.008"/>
  <testcase classname="com.sdetadda.allure.TestNGTestCases" name="functionHeadingCheck11" time="0.005"/>
  <testcase classname="com.sdetadda.allure.TestNGTestCases" name="testCreateUnorderedListWithCustomId_emptyItems" time="0.010"/>
  <testcase classname="com.sdetadda.allure.TestNGTestCases" name="testCreateUnorderedListWithCustomId_fail_invalidId" time="0.005"/>
  <testcase classname="com.sdetadda.allure.TestNGTestCases" name="testCreateLinkWithTarget_iframe" time="0.006"/>
  <testcase classname="com.sdetadda.allure.TestNGTestCases" name="functionH4Check4" time="0.009"/>
  <testcase classname="com.sdetadda.allure.TestNGTestCases" name="testCreateBasicUnorderedList" time="0.009"/>
  <testcase classname="com.sdetadda.allure.TestNGTestCases" name="testCreateUnorderedListWithCustomStyle" time="0.004"/>
  <testcase classname="com.sdetadda.allure.TestNGTestCases" name="testCreateUnorderedListWithLinks" time="0.004"/>
  <testcase classname="com.sdetadda.allure.TestNGTestCases" name="functionH5Check11" time="0.007"/>
  <testcase classname="com.sdetadda.allure.TestNGTestCases" name="testCreateOrderedListWithCustomStyle_fail_emptyArray" time="0.004"/>
  <testcase classname="com.sdetadda.allure.TestNGTestCases" name="functionH6Check8" time="0.007"/>
  <testcase classname="com.sdetadda.allure.TestNGTestCases" name="testCreateLinkWithClass_emptyURL" time="0.005"/>
  <testcase classname="com.sdetadda.allure.TestNGTestCases" name="testCreateOrderedListWithCustomStyle_emptyItems" time="0.004"/>
  <testcase classname="com.sdetadda.allure.TestNGTestCases" name="functionH3Check12" time="0.013"/>
  <testcase classname="com.sdetadda.allure.TestNGTestCases" name="functionHeadingCheck3" time="0.006"/>
  <testcase classname="com.sdetadda.allure.TestNGTestCases" name="functionH5Check10" time="0.007"/>
  <testcase classname="com.sdetadda.allure.TestNGTestCases" name="testCreateOrderedListWithIdAndClass1" time="0.004"/>
  <testcase classname="com.sdetadda.allure.TestNGTestCases" name="testCreateOrderedListWithCustomStyle" time="0.004"/>
  <testcase classname="com.sdetadda.allure.TestNGTestCases" name="functionH2Check8" time="0.010"/>
  <testcase classname="com.sdetadda.allure.TestNGTestCases" name="testCreateUnorderedListWithCustomId_fail_htmlInId" time="0.015"/>
  <testcase classname="com.sdetadda.allure.TestNGTestCases" name="testCreateBasicLink4" time="0.019"/>
  <testcase classname="com.sdetadda.allure.TestNGTestCases" name="testCreateOrderedListWithIdAndClass_fail_invalidClass" time="0.006"/>
  <testcase classname="com.sdetadda.allure.TestNGTestCases" name="testCreateOrderedListWithCustomItems" time="0.007"/>
  <testcase classname="com.sdetadda.allure.TestNGTestCases" name="testCreateUnorderedListWithCustomStyle_emptyItems" time="0.005"/>
  <testcase classname="com.sdetadda.allure.TestNGTestCases" name="testCreateBasicUnorderedList_fail_emptyList" time="0.007"/>
  <testcase classname="com.sdetadda.allure.TestNGTestCases" name="testCreateOrderedListWithLinks_differentLengths" time="0.007"/>
  <testcase classname="com.sdetadda.allure.TestNGTestCases" name="testCreateLinkWithClass_fail_missingHref" time="0.017"/>
  <testcase classname="com.sdetadda.allure.TestNGTestCases" name="testCreateUnorderedListWithNestedLists_fail_mismatchedChildItems" time="0.004"/>
  <testcase classname="com.sdetadda.allure.TestNGTestCases" name="functionHeadingCheck22" time="0.010"/>
  <testcase classname="com.sdetadda.allure.TestNGTestCases" name="functionHTMLCheck" time="0.009"/>
  <testcase classname="com.sdetadda.allure.TestNGTestCases" name="functionAnchorCheck12" time="0.012"/>
  <testcase classname="com.sdetadda.allure.TestNGTestCases" name="testCreateBasicOrderedList_nullItems" time="0.005"/>
  <testcase classname="com.sdetadda.allure.TestNGTestCases" name="functionH4Check9" time="0.006"/>
  <testcase classname="com.sdetadda.allure.TestNGTestCases" name="functionParagraphCheck10" time="0.008"/>
  <testcase classname="com.sdetadda.allure.TestNGTestCases" name="functionHeadingCheck1" time="0.006"/>
  <testcase classname="com.sdetadda.allure.TestNGTestCases" name="functionH1Check9" time="0.006"/>
  <testcase classname="com.sdetadda.allure.TestNGTestCases" name="functionH2Check11" time="0.009"/>
  <testcase classname="com.sdetadda.allure.TestNGTestCases" name="functionH4Check6" time="0.005"/>
  <testcase classname="com.sdetadda.allure.TestNGTestCases" name="functionH5Check13" time="0.006"/>
  <testcase classname="com.sdetadda.allure.TestNGTestCases" name="testCreateOrderedListWithIdAndClass_nullArray" time="0.003"/>
  <testcase classname="com.sdetadda.allure.TestNGTestCases" name="testCreateBasicOrderedList_fail_emptyList" time="0.006"/>
  <testcase classname="com.sdetadda.allure.TestNGTestCases" name="functionH3Check9" time="0.007"/>
  <testcase classname="com.sdetadda.allure.TestNGTestCases" name="testCreateOrderedListWithCustomStyle_fail_invalidItems" time="0.006"/>
  <testcase classname="com.sdetadda.allure.TestNGTestCases" name="testCreateUnorderedListWithNullIdAndClass" time="0.004"/>
  <testcase classname="com.sdetadda.allure.TestNGTestCases" name="testCreateOrderedListWithIdAndClass_fail_unexpectedItem" time="0.004"/>
  <testcase classname="com.sdetadda.allure.TestNGTestCases" name="testCreateUnorderedListWithNestedLists_fail_nullChildItems" time="0.004"/>
  <testcase classname="com.sdetadda.allure.TestNGTestCases" name="testCreateUnorderedListWithCustomStyle_htmlItems" time="0.007"/>
  <testcase classname="com.sdetadda.allure.TestNGTestCases" name="functionH2Check12" time="0.013"/>
  <testcase classname="com.sdetadda.allure.TestNGTestCases" name="testCreateLinkWithClass_fail_emptyClass" time="0.012"/>
  <testcase classname="com.sdetadda.allure.TestNGTestCases" name="testCreateUnorderedListWithEmptyLinkTexts" time="0.003"/>
  <testcase classname="com.sdetadda.allure.TestNGTestCases" name="testCreateLinkWithTarget_custom" time="0.005"/>
  <testcase classname="com.sdetadda.allure.TestNGTestCases" name="functionH2Check9" time="0.008"/>
  <testcase classname="com.sdetadda.allure.TestNGTestCases" name="functionAnchorCheck1" time="0.575"/>
  <testcase classname="com.sdetadda.allure.TestNGTestCases" name="functionH3Check10" time="0.010"/>
  <testcase classname="com.sdetadda.allure.TestNGTestCases" name="functionH3Check5" time="0.009"/>
  <testcase classname="com.sdetadda.allure.TestNGTestCases" name="testCreateOrderedListWithCustomNumbering_nullArrays" time="0.004"/>
  <testcase classname="com.sdetadda.allure.TestNGTestCases" name="testCreateOrderedListWithLinks_emptyItems" time="0.003"/>
  <testcase classname="com.sdetadda.allure.TestNGTestCases" name="testCreateOrderedListWithCustomNumbering_fail_nullArrays" time="0.004"/>
  <testcase classname="com.sdetadda.allure.TestNGTestCases" name="testCreateUnorderedListWithCustomId_htmlInItems" time="0.006"/>
  <testcase classname="com.sdetadda.allure.TestNGTestCases" name="testCreateUnorderedListWithCustomClass_fail_invalidClass" time="0.005"/>
  <testcase classname="com.sdetadda.allure.TestNGTestCases" name="functionH4Check10" time="0.007"/>
  <testcase classname="com.sdetadda.allure.TestNGTestCases" name="testCreateLinkWithClass_nullURL" time="0.004"/>
  <testcase classname="com.sdetadda.allure.TestNGTestCases" name="testCreateUnorderedListWithNestedLists_emptyChildItems" time="0.004"/>
  <testcase classname="com.sdetadda.allure.TestNGTestCases" name="functionHeadingCheck15" time="0.006"/>
  <testcase classname="com.sdetadda.allure.TestNGTestCases" name="testCreateLinkWithTarget_default" time="0.004"/>
  <testcase classname="com.sdetadda.allure.TestNGTestCases" name="functionH6Check5" time="0.007"/>
  <testcase classname="com.sdetadda.allure.TestNGTestCases" name="functionH6Check7" time="0.011"/>
  <testcase classname="com.sdetadda.allure.TestNGTestCases" name="testCreateBasicOrderedList_specialCharacters" time="0.006"/>
  <testcase classname="com.sdetadda.allure.TestNGTestCases" name="functionHeadingCheck14" time="0.007"/>
  <testcase classname="com.sdetadda.allure.TestNGTestCases" name="testCreateUnorderedListWithCustomStyle_singleItem" time="0.003"/>
  <testcase classname="com.sdetadda.allure.TestNGTestCases" name="testCreateUnorderedListWithCustomNumbering_startNumberTen" time="0.005"/>
  <testcase classname="com.sdetadda.allure.TestNGTestCases" name="functionAnchorCheck5" time="0.010"/>
  <testcase classname="com.sdetadda.allure.TestNGTestCases" name="functionH6Check14" time="0.005"/>
  <testcase classname="com.sdetadda.allure.TestNGTestCases" name="testCreateLinkWithTarget_parent" time="0.010"/>
  <testcase classname="com.sdetadda.allure.TestNGTestCases" name="testCreateOrderedListWithCustomNumbering_singleItem" time="0.004"/>
  <testcase classname="com.sdetadda.allure.TestNGTestCases" name="functionH3Check6" time="0.008"/>
  <testcase classname="com.sdetadda.allure.TestNGTestCases" name="testCreateBasicUnorderedListWithEmptyArray" time="0.004"/>
  <testcase classname="com.sdetadda.allure.TestNGTestCases" name="testCreateUnorderedListWithEmptyInputs" time="0.003"/>
  <testcase classname="com.sdetadda.allure.TestNGTestCases" name="testCreateLinkWithTarget_childframe" time="0.006"/>
  <testcase classname="com.sdetadda.allure.TestNGTestCases" name="testCreateUnorderedListWithNestedLists_fail_emptyChildItems" time="0.004"/>
  <testcase classname="com.sdetadda.allure.TestNGTestCases" name="functionH6Check13" time="0.006"/>
  <testcase classname="com.sdetadda.allure.TestNGTestCases" name="testCreateBasicUnorderedListWithHtmlInItems" time="0.004"/>
  <testcase classname="com.sdetadda.allure.TestNGTestCases" name="testCreateLinkWithTarget_other" time="0.005"/>
  <testcase classname="com.sdetadda.allure.TestNGTestCases" name="testCreateOrderedListWithCustomItems_fail_unexpectedItem" time="0.010"/>
  <testcase classname="com.sdetadda.allure.TestNGTestCases" name="functionHeadingCheckFail3" time="0.005"/>
  <testcase classname="com.sdetadda.allure.TestNGTestCases" name="functionH2Check13" time="0.008"/>
  <testcase classname="com.sdetadda.allure.TestNGTestCases" name="testCreateLinkWithClass_fail_emptyText" time="0.005"/>
  <testcase classname="com.sdetadda.allure.TestNGTestCases" name="testCreateUnorderedListWithClass" time="0.011"/>
  <testcase classname="com.sdetadda.allure.TestNGTestCases" name="functionHeadingCheck4" time="0.006"/>
  <testcase classname="com.sdetadda.allure.TestNGTestCases" name="functionH1Check11" time="0.010"/>
  <testcase classname="com.sdetadda.allure.TestNGTestCases" name="functionParagraphCheck9" time="0.010"/>
  <testcase classname="com.sdetadda.allure.TestNGTestCases" name="functionH1Check8" time="0.008"/>
  <testcase classname="com.sdetadda.allure.TestNGTestCases" name="testCreateUnorderedListWithCustomNumbering_startNumberZero" time="0.004"/>
  <testcase classname="com.sdetadda.allure.TestNGTestCases" name="testCreateOrderedListWithCustomStyle_fail_nullArray" time="0.005"/>
  <testcase classname="com.sdetadda.allure.TestNGTestCases" name="testCreateOrderedListWithLinks_fail_emptyItems" time="0.005"/>
  <testcase classname="com.sdetadda.allure.TestNGTestCases" name="testCreateUnorderedListWithCustomStyle_fail_htmlInItems" time="0.005"/>
  <testcase classname="com.sdetadda.allure.TestNGTestCases" name="functionH1Check10" time="0.012"/>
  <testcase classname="com.sdetadda.allure.TestNGTestCases" name="functionH5Check6" time="0.007"/>
  <testcase classname="com.sdetadda.allure.TestNGTestCases" name="testCreateUnorderedListWithCustomClass_htmlInItems" time="0.006"/>
  <testcase classname="com.sdetadda.allure.TestNGTestCases" name="testCreateOrderedListWithCustomItems1" time="0.009"/>
  <testcase classname="com.sdetadda.allure.TestNGTestCases" name="functionAnchorCheck15" time="0.016"/>
  <testcase classname="com.sdetadda.allure.TestNGTestCases" name="functionH5Check8" time="0.006"/>
  <testcase classname="com.sdetadda.allure.TestNGTestCases" name="testCreateOrderedListWithCustomItems_fail_nullArray" time="0.037"/>
  <testcase classname="com.sdetadda.allure.TestNGTestCases" name="testCreateOrderedListWithCustomItems_fail_emptyArray" time="0.012"/>
  <testcase classname="com.sdetadda.allure.TestNGTestCases" name="functionAnchorCheck11" time="0.024"/>
  <testcase classname="com.sdetadda.allure.TestNGTestCases" name="testCreateOrderedListWithCustomItems_longItems" time="0.006"/>
  <testcase classname="com.sdetadda.allure.TestNGTestCases" name="testCreateUnorderedListWithCustomStyle_fail_emptyStyle" time="0.005"/>
  <testcase classname="com.sdetadda.allure.TestNGTestCases" name="testCreateBasicLink" time="0.005"/>
  <testcase classname="com.sdetadda.allure.TestNGTestCases" name="functionAnchorCheck14" time="0.012"/>
  <testcase classname="com.sdetadda.allure.TestNGTestCases" name="functionHeadingCheck13" time="0.005"/>
  <testcase classname="com.sdetadda.allure.TestNGTestCases" name="functionAnchorCheck7" time="0.018"/>
  <testcase classname="com.sdetadda.allure.TestNGTestCases" name="functionParagraphCheck4" time="0.006"/>
  <testcase classname="com.sdetadda.allure.TestNGTestCases" name="testCreateLinkWithTarget_self" time="0.006"/>
  <testcase classname="com.sdetadda.allure.TestNGTestCases" name="testCreateUnorderedListWithCustomId_fail_nullIdAndItems" time="0.006"/>
  <testcase classname="com.sdetadda.allure.TestNGTestCases" name="functionH2Check7" time="0.007"/>
  <testcase classname="com.sdetadda.allure.TestNGTestCases" name="functionHeadingCheck2" time="0.005"/>
  <testcase classname="com.sdetadda.allure.TestNGTestCases" name="testCreateLinkWithClass_fail_emptyUrl" time="0.005"/>
  <testcase classname="com.sdetadda.allure.TestNGTestCases" name="testCreateOrderedListWithCustomItems_nullArray" time="0.004"/>
  <testcase classname="com.sdetadda.allure.TestNGTestCases" name="testCreateLinkWithTarget_blank" time="0.006"/>
  <testcase classname="com.sdetadda.allure.TestNGTestCases" name="testCreateOrderedListWithLinks_fail_invalidValue" time="0.005"/>
  <testcase classname="com.sdetadda.allure.TestNGTestCases" name="testCreateLinkWithClass_emptyText" time="0.004"/>
  <testcase classname="com.sdetadda.allure.TestNGTestCases" name="testCreateUnorderedListWithCustomId" time="0.006"/>
  <testcase classname="com.sdetadda.allure.TestNGTestCases" name="testCreateOrderedListWithCustomNumbering_differentLengths" time="0.004"/>
  <testcase classname="com.sdetadda.allure.TestNGTestCases" name="testCreateOrderedListWithLinks_fail_nullItems" time="0.005"/>
  <testcase classname="com.sdetadda.allure.TestNGTestCases" name="functionH2Check6" time="0.010"/>
  <testcase classname="com.sdetadda.allure.TestNGTestCases" name="testCreateOrderedListWithCustomNumbering_fail_emptyArrays" time="0.005"/>
  <testcase classname="com.sdetadda.allure.TestNGTestCases" name="testCreateOrderedListWithCustomStyle_nullItems" time="0.006"/>
  <testcase classname="com.sdetadda.allure.TestNGTestCases" name="testCreateOrderedListWithIdAndClass_longItems" time="0.003"/>
  <testcase classname="com.sdetadda.allure.TestNGTestCases" name="functionHeadingCheck6" time="0.006"/>
  <testcase classname="com.sdetadda.allure.TestNGTestCases" name="testCreateOrderedListWithCustomItems_fail_invalidHtml" time="0.007"/>
  <testcase classname="com.sdetadda.allure.TestNGTestCases" name="functionAnchorCheck10" time="0.016"/>
  <testcase classname="com.sdetadda.allure.TestNGTestCases" name="testCreateLinkWithTarget_new" time="0.008"/>
  <testcase classname="com.sdetadda.allure.TestNGTestCases" name="functionHeadingCheck20" time="0.004"/>
  <testcase classname="com.sdetadda.allure.TestNGTestCases" name="functionHeadingCheck12" time="0.005"/>
  <testcase classname="com.sdetadda.allure.TestNGTestCases" name="testCreateOrderedListWithLinks_fail_differentLengths" time="0.003"/>
  <testcase classname="com.sdetadda.allure.TestNGTestCases" name="testCreateOrderedListWithCustomStyle_singleItem" time="0.003"/>
  <testcase classname="com.sdetadda.allure.TestNGTestCases" name="testCreateUnorderedListWithCustomClass_emptyItems" time="0.007"/>
  <testcase classname="com.sdetadda.allure.TestNGTestCases" name="testCreateUnorderedList_fail_EmptyLinkTextsNonEmptyUrls" time="0.005"/>
  <testcase classname="com.sdetadda.allure.TestNGTestCases" name="functionHeadingCheck8" time="0.006"/>
  <testcase classname="com.sdetadda.allure.TestNGTestCases" name="testCreateLinkWithClass_longURL" time="0.004"/>
  <testcase classname="com.sdetadda.allure.TestNGTestCases" name="testCreateLinkWithTarget_fail_blank" time="0.006"/>
  <testcase classname="com.sdetadda.allure.TestNGTestCases" name="functionHeadingCheck17" time="0.009"/>
  <testcase classname="com.sdetadda.allure.TestNGTestCases" name="testCreateLinkWithTarget_top" time="0.027"/>
  <testcase classname="com.sdetadda.allure.TestNGTestCases" name="functionLinkCheck1" time="0.005"/>
  <testcase classname="com.sdetadda.allure.TestNGTestCases" name="functionParagraphCheck7" time="0.011"/>
  <testcase classname="com.sdetadda.allure.TestNGTestCases" name="functionParagraphCheck5" time="0.013"/>
  <testcase classname="com.sdetadda.allure.TestNGTestCases" name="functionH3Check13" time="0.012"/>
  <testcase classname="com.sdetadda.allure.TestNGTestCases" name="functionAnchorCheck4" time="0.012"/>
  <testcase classname="com.sdetadda.allure.TestNGTestCases" name="testCreateBasicOrderedList_singleItem" time="0.004"/>
  <testcase classname="com.sdetadda.allure.TestNGTestCases" name="testCreateLinkWithTarget_none_Same_Window" time="0.014"/>
  <testcase classname="com.sdetadda.allure.TestNGTestCases" name="testCreateUnorderedListWithNestedLists_nullParentItems" time="0.004"/>
  <testcase classname="com.sdetadda.allure.TestNGTestCases" name="testCreateOrderedListWithIdAndClass_fail_nullArray" time="0.007"/>
  <testcase classname="com.sdetadda.allure.TestNGTestCases" name="functionH5Check4" time="0.008"/>
  <testcase classname="com.sdetadda.allure.TestNGTestCases" name="functionAnchorCheck2" time="0.013"/>
  <testcase classname="com.sdetadda.allure.TestNGTestCases" name="testCreateUnorderedList_fail_NullUrlsArray" time="0.005"/>
  <testcase classname="com.sdetadda.allure.TestNGTestCases" name="functionH2Check10" time="0.015"/>
  <testcase classname="com.sdetadda.allure.TestNGTestCases" name="functionH2Check14" time="0.011"/>
  <testcase classname="com.sdetadda.allure.TestNGTestCases" name="functionH5Check12" time="0.006"/>
  <testcase classname="com.sdetadda.allure.TestNGTestCases" name="testCreateEmptyOrderedList_fail_withId" time="0.011"/>
  <testcase classname="com.sdetadda.allure.TestNGTestCases" name="functionHeadingCheck16" time="0.006"/>
  <testcase classname="com.sdetadda.allure.TestNGTestCases" name="testCreateUnorderedListWithCustomNumbering_fail_nullItemsAndStartNumber" time="0.005"/>
  <testcase classname="com.sdetadda.allure.TestNGTestCases" name="functionH3Check14" time="0.010"/>
  <testcase classname="com.sdetadda.allure.TestNGTestCases" name="functionH6Check6" time="0.009"/>
  <testcase classname="com.sdetadda.allure.TestNGTestCases" name="testCreateLinkWithClass_longText" time="0.011"/>
  <testcase classname="com.sdetadda.allure.TestNGTestCases" name="functionAnchorCheck16" time="0.016"/>
  <testcase classname="com.sdetadda.allure.TestNGTestCases" name="functionH6Check12" time="0.007"/>
  <testcase classname="com.sdetadda.allure.TestNGTestCases" name="testCreateUnorderedListWithNoItems" time="0.004"/>
  <testcase classname="com.sdetadda.allure.TestNGTestCases" name="functionAnchorCheck6" time="0.007"/>
  <testcase classname="com.sdetadda.allure.TestNGTestCases" name="testCreateOrderedListWithLinks" time="0.008"/>
  <testcase classname="com.sdetadda.allure.TestNGTestCases" name="testCreateUnorderedListWithCustomClass_emptyClassAndItems" time="0.004"/>
  <testcase classname="com.sdetadda.allure.TestNGTestCases" name="testCreateUnorderedListWithCustomStyle_longItems" time="0.004"/>
  <testcase classname="com.sdetadda.allure.TestNGTestCases" name="testCreateBasicLink3" time="0.011"/>
  <testcase classname="com.sdetadda.allure.TestNGTestCases" name="functionH6Check11" time="0.007"/>
  <testcase classname="com.sdetadda.allure.TestNGTestCases" name="testCreateUnorderedList_fail_DifferentLengthArrays" time="0.005"/>
  <testcase classname="com.sdetadda.allure.TestNGTestCases" name="testCreateBasicUnorderedList_fail_invalidHtml" time="0.006"/>
  <testcase classname="com.sdetadda.allure.TestNGTestCases" name="testCreateUnorderedListWithCustomId_emptyId" time="0.004"/>
  <testcase classname="com.sdetadda.allure.TestNGTestCases" name="functionHeadingCheck10" time="0.006"/>
  <testcase classname="com.sdetadda.allure.TestNGTestCases" name="testCreateOrderedListWithCustomNumbering_fail_invalidValue" time="0.004"/>
  <testcase classname="com.sdetadda.allure.TestNGTestCases" name="functionH6Check4" time="0.006"/>
  <testcase classname="com.sdetadda.allure.TestNGTestCases" name="testCreateUnorderedListWithCustomId_nullId" time="0.004"/>
  <testcase classname="com.sdetadda.allure.TestNGTestCases" name="functionHeadingCheck5" time="0.006"/>
  <testcase classname="com.sdetadda.allure.TestNGTestCases" name="testCreateUnorderedListWithCustomStyle_nullItems" time="0.003"/>
  <testcase classname="com.sdetadda.allure.TestNGTestCases" name="functionHeadingCheckFail2" time="0.007"/>
  <testcase classname="com.sdetadda.allure.TestNGTestCases" name="functionH5Check7" time="0.007"/>
  <testcase classname="com.sdetadda.allure.TestNGTestCases" name="testCreateUnorderedListWithCustomStyle_fail_missingItem" time="0.005"/>
  <testcase classname="com.sdetadda.allure.TestNGTestCases" name="functionH4Check8" time="0.007"/>
  <testcase classname="com.sdetadda.allure.TestNGTestCases" name="testCreateUnorderedListWithEmptyUrls" time="0.004"/>
  <testcase classname="com.sdetadda.allure.TestNGTestCases" name="functionHeadCheck" time="0.014"/>
  <testcase classname="com.sdetadda.allure.TestNGTestCases" name="testCreateUnorderedListWithCustomClass_fail_htmlInClass" time="0.004"/>
  <testcase classname="com.sdetadda.allure.TestNGTestCases" name="testCreateUnorderedListWithNestedLists_nullChildItems" time="0.003"/>
  <testcase classname="com.sdetadda.allure.TestNGTestCases" name="testCreateLinkWithTarget_frame" time="0.005"/>
  <testcase classname="com.sdetadda.allure.TestNGTestCases" name="testCreateUnorderedListWithNullItems" time="0.003"/>
  <testcase classname="com.sdetadda.allure.TestNGTestCases" name="testCreateUnorderedListWithIdAndClass" time="0.005"/>
  <testcase classname="com.sdetadda.allure.TestNGTestCases" name="testCreateLinkWithClass_nullText" time="0.006"/>
  <testcase classname="com.sdetadda.allure.TestNGTestCases" name="functionH2Check4" time="0.010"/>
  <testcase classname="com.sdetadda.allure.TestNGTestCases" name="testCreateOrderedListWithCustomNumbering_fail_differentLengths" time="0.003"/>
  <testcase classname="com.sdetadda.allure.TestNGTestCases" name="testCreateLinkWithClass_fail_invalidClass" time="0.033"/>
  <testcase classname="com.sdetadda.allure.TestNGTestCases" name="testCreateUnorderedListWithNullItems_fail_SpecialCharactersInItems" time="0.004"/>
  <testcase classname="com.sdetadda.allure.TestNGTestCases" name="functionH5Check9" time="0.010"/>
  <testcase classname="com.sdetadda.allure.TestNGTestCases" name="testCreateEmptyOrderedList_fail_withClass" time="0.004"/>
  <testcase classname="com.sdetadda.allure.TestNGTestCases" name="functionLinkCheck2" time="0.082"/>
  <testcase classname="com.sdetadda.allure.TestNGTestCases" name="testCreateLinkWithTarget_fail_invalidTarget" time="0.009"/>
  <testcase classname="com.sdetadda.allure.TestNGTestCases" name="functionHeadingCheck21" time="0.005"/>
  <testcase classname="com.sdetadda.allure.TestNGTestCases" name="functionH3Check4" time="0.009"/>
  <testcase classname="com.sdetadda.allure.TestNGTestCases" name="functionHeadingCheck9" time="0.007"/>
  <testcase classname="com.sdetadda.allure.TestNGTestCases" name="testCreateOrderedListWithLinks_singleItem" time="0.005"/>
  <testcase classname="com.sdetadda.allure.TestNGTestCases" name="testCreateUnorderedListWithCustomNumbering_fail_startNumberZero" time="0.006"/>
  <testcase classname="com.sdetadda.allure.TestNGTestCases" name="testCreateUnorderedListWithDifferentLengths" time="0.004"/>
  <testcase classname="com.sdetadda.allure.TestNGTestCases" name="functionHeadingCheck7" time="0.010"/>
  <testcase classname="com.sdetadda.allure.TestNGTestCases" name="testCreateBasicUnorderedListWithLongItems" time="0.008"/>
  <testcase classname="com.sdetadda.allure.TestNGTestCases" name="functionH1Check13" time="0.012"/>
  <testcase classname="com.sdetadda.allure.TestNGTestCases" name="functionH5Check14" time="0.007"/>
  <testcase classname="com.sdetadda.allure.TestNGTestCases" name="testCreateBasicOrderedList" time="0.005"/>
  <testcase classname="com.sdetadda.allure.TestNGTestCases" name="testCreateLinkWithTarget_invalid" time="0.013"/>
  <testcase classname="com.sdetadda.allure.TestNGTestCases" name="functionH4Check5" time="0.007"/>
  <testcase classname="com.sdetadda.allure.TestNGTestCases" name="functionH1Check7" time="0.012"/>
  <testcase classname="com.sdetadda.allure.TestNGTestCases" name="testCreateLinkWithTarget_topframe" time="0.004"/>
  <testcase classname="com.sdetadda.allure.TestNGTestCases" name="testCreateUnorderedListWithCustomClass_nullItems" time="0.006"/>
  <testcase classname="com.sdetadda.allure.TestNGTestCases" name="testCreateOrderedListWithCustomStyle_specialCharacters" time="0.004"/>
  <testcase classname="com.sdetadda.allure.TestNGTestCases" name="testCreateUnorderedListWithCustomNumbering_fail_emptyItemsAndStartNumber" time="0.005"/>
  <testcase classname="com.sdetadda.allure.TestNGTestCases" name="functionH1Check6" time="0.009"/>
  <testcase classname="com.sdetadda.allure.TestNGTestCases" name="testCreateOrderedListWithIdAndClass_fail_emptyArray" time="0.004"/>
  <testcase classname="com.sdetadda.allure.TestNGTestCases" name="functionAnchorCheck13" time="0.010"/>
  <testcase classname="com.sdetadda.allure.TestNGTestCases" name="functionParagraphCheck1" time="0.032"/>
  <testcase classname="com.sdetadda.allure.TestNGTestCases" name="testCreateOrderedListWithCustomStyle_longItems" time="0.004"/>
  <testcase classname="com.sdetadda.allure.TestNGTestCases" name="testCreateBasicUnorderedList_fail_missingItem" time="0.006"/>
  <testcase classname="com.sdetadda.allure.TestNGTestCases" name="testCreateUnorderedListWithCustomClass_fail_emptyClassAndItems" time="0.008"/>
  <testcase classname="com.sdetadda.allure.TestNGTestCases" name="testCreateUnorderedList_fail_NullLinksArray" time="0.005"/>
  <testcase classname="com.sdetadda.allure.TestNGTestCases" name="testCreateUnorderedList_fail_EmptyUrlsNonEmptyLinkTexts" time="0.005"/>
  <testcase classname="com.sdetadda.allure.TestNGTestCases" name="testCreateEmptyOrderedList_fail_notOrdered" time="0.004"/>
  <testcase classname="com.sdetadda.allure.TestNGTestCases" name="testCreateOrderedListWithCustomNumbering2" time="0.004"/>
  <testcase classname="com.sdetadda.allure.TestNGTestCases" name="testCreateBasicOrderedList_fail_customItems" time="0.005"/>
  <testcase classname="com.sdetadda.allure.TestNGTestCases" name="functionHeadingCheck18" time="0.013"/>
  <testcase classname="com.sdetadda.allure.TestNGTestCases" name="testCreateBasicOrderedList_fail_specialCharacters" time="0.004"/>
  <testcase classname="com.sdetadda.allure.TestNGTestCases" name="testCreateOrderedListWithIdAndClass" time="0.004"/>
  <testcase classname="com.sdetadda.allure.TestNGTestCases" name="functionH4Check13" time="0.007"/>
  <testcase classname="com.sdetadda.allure.TestNGTestCases" name="testCreateBasicUnorderedListWithNullItems" time="0.009"/>
  <testcase classname="com.sdetadda.allure.TestNGTestCases" name="functionH3Check8" time="0.009"/>
  <testcase classname="com.sdetadda.allure.TestNGTestCases" name="testCreateUnorderedListWithCustomNumbering_emptyItems" time="0.004"/>
  <testcase classname="com.sdetadda.allure.TestNGTestCases" name="functionH3Check11" time="0.009"/>
  <testcase classname="com.sdetadda.allure.TestNGTestCases" name="testCreateUnorderedListWithCustomNumbering_nullItems" time="0.004"/>
  <testcase classname="com.sdetadda.allure.TestNGTestCases" name="testCreateBasicOrderedList_fail_nullItems" time="0.005"/>
  <testcase classname="com.sdetadda.allure.TestNGTestCases" name="testCreateOrderedListWithIdAndClass_singleItem" time="0.008"/>
  <testcase classname="com.sdetadda.allure.TestNGTestCases" name="functionParagraphCheck3" time="0.005"/>
  <testcase classname="com.sdetadda.allure.TestNGTestCases" name="testCreateOrderedListWithCustomNumbering_emptyArrays" time="0.005"/>
  <testcase classname="com.sdetadda.allure.TestNGTestCases" name="testCreateEmptyOrderedList_fail_notEmpty" time="0.011"/>
  <testcase classname="com.sdetadda.allure.TestNGTestCases" name="functionParagraphCheck6" time="0.007"/>
  <testcase classname="com.sdetadda.allure.TestNGTestCases" name="functionH4Check7" time="0.005"/>
  <testcase classname="com.sdetadda.allure.TestNGTestCases" name="testCreateBasicLink2" time="0.006"/>
  <testcase classname="com.sdetadda.allure.TestNGTestCases" name="testCreateUnorderedListWithCustomId_fail_emptyIdAndItems" time="0.005"/>
  <testcase classname="com.sdetadda.allure.TestNGTestCases" name="testCreateUnorderedListWithCustomClass_nullClassAndItems" time="0.009"/>
  <testcase classname="com.sdetadda.allure.TestNGTestCases" name="functionH5Check5" time="0.009"/>
  <testcase classname="com.sdetadda.allure.TestNGTestCases" name="functionH6Check9" time="0.009"/>
  <testcase classname="com.sdetadda.allure.TestNGTestCases" name="functionH1Check5" time="0.007"/>
  <testcase classname="com.sdetadda.allure.TestNGTestCases" name="testCreateBasicLink6" time="0.005"/>
  <testcase classname="com.sdetadda.allure.TestNGTestCases" name="testCreateUnorderedListWithNullItems_fail_EmptyIdEmptyClassNullItems" time="0.004"/>
  <testcase classname="com.sdetadda.allure.TestNGTestCases" name="functionH3Check7" time="0.008"/>
  <testcase classname="com.sdetadda.allure.TestNGTestCases" name="functionH1Check4" time="0.010"/>
  <testcase classname="com.sdetadda.allure.TestNGTestCases" name="testCreateOrderedListWithIdAndClass_fail_invalidId" time="0.008"/>
  <testcase classname="com.sdetadda.allure.TestNGTestCases" name="testCreateUnorderedListWithCustomNumbering_fail_invalidStartNumber" time="0.006"/>
  <testcase classname="com.sdetadda.allure.TestNGTestCases" name="testCreateLinkWithClass_nullClass" time="0.004"/>
  <testcase classname="com.sdetadda.allure.TestNGTestCases" name="testCreateUnorderedListWithCustomClass_validClassAndItems" time="0.005"/>
  <testcase classname="com.sdetadda.allure.TestNGTestCases" name="testCreateUnorderedListWithNullInput" time="0.004"/>
  <testcase classname="com.sdetadda.allure.TestNGTestCases" name="functionH4Check12" time="0.008"/>
  <testcase classname="com.sdetadda.allure.TestNGTestCases" name="testCreateUnorderedListWithCustomStyle_fail_invalidHtml" time="0.006"/>
  <testcase classname="com.sdetadda.allure.TestNGTestCases" name="testCreateBasicLink1" time="0.006"/>
  <testcase classname="com.sdetadda.allure.TestNGTestCases" name="functionAnchorCheck9" time="0.015"/>
  <testcase classname="com.sdetadda.allure.TestNGTestCases" name="testCreateOrderedListWithCustomItems_singleItem" time="0.009"/>
  <testcase classname="com.sdetadda.allure.TestNGTestCases" name="testCreateUnorderedListWithCustomStyle_fail_nullItems" time="0.006"/>
  <testcase classname="com.sdetadda.allure.TestNGTestCases" name="functionAnchorCheck8" time="0.009"/>
  <testcase classname="com.sdetadda.allure.TestNGTestCases" name="testCreateLinkWithTarget_none" time="0.003"/>
  <testcase classname="com.sdetadda.allure.TestNGTestCases" name="testCreateBasicUnorderedListWithSingleItem" time="0.009"/>
  <testcase classname="com.sdetadda.allure.TestNGTestCases" name="testCreateOrderedListWithCustomItems_emptyArray" time="0.012"/>
  <testcase classname="com.sdetadda.allure.TestNGTestCases" name="functionHeadingCheck19" time="0.006"/>
  <testcase classname="com.sdetadda.allure.TestNGTestCases" name="testCreateOrderedListWithIdAndClass_emptyArray" time="0.003"/>
  <testcase classname="com.sdetadda.allure.TestNGTestCases" name="testCreateLinkWithTarget_bottomframe" time="0.006"/>
  <testcase classname="com.sdetadda.allure.TestNGTestCases" name="functionH4Check14" time="0.008"/>
  <testcase classname="com.sdetadda.allure.TestNGTestCases" name="testCreateUnorderedListWithNestedLists_validData" time="0.004"/>
  <testcase classname="com.sdetadda.allure.TestNGTestCases" name="testCreateLinkWithTarget_parentframe" time="0.004"/>
  <testcase classname="com.sdetadda.allure.TestNGTestCases" name="testCreateUnorderedListWithCustomClass_fail_nullClassAndItems" time="0.003"/>
  <testcase classname="com.sdetadda.allure.TestNGTestCases" name="functionH1Check12" time="0.010"/>
  <testcase classname="com.sdetadda.allure.TestNGTestCases" name="testCreateUnorderedListWithNestedLists_fail_nullParentItems" time="0.005"/>
  <testcase classname="com.sdetadda.allure.TestNGTestCases" name="functionHeadCheckFail" time="0.039"/>
</testsuite> <!-- com.sdetadda.allure.TestNGTestCases -->
